{"op_code": 0, "worker_id": "5f7eb2bb-18e8-4170-b452-8b1f9f990d78-140207313843392", "study_name": "no-name-bdce7a2d-a9f0-4668-9187-1e9b20ea96d3", "directions": [1]}
{"op_code": 4, "worker_id": "5f7eb2bb-18e8-4170-b452-8b1f9f990d78-140207313843392", "study_id": 0, "datetime_start": "2024-06-05T18:22:04.783098"}
{"op_code": 5, "worker_id": "5f7eb2bb-18e8-4170-b452-8b1f9f990d78-140207313843392", "trial_id": 0, "param_name": "Loss function", "param_value_internal": 0, "distribution": "{\"name\": \"CategoricalDistribution\", \"attributes\": {\"choices\": [\"MSE\", \"Contractive\", \"LWLN\"]}}"}
{"op_code": 5, "worker_id": "5f7eb2bb-18e8-4170-b452-8b1f9f990d78-140207313843392", "trial_id": 0, "param_name": "heads", "param_value_internal": 3.0, "distribution": "{\"name\": \"IntDistribution\", \"attributes\": {\"log\": false, \"step\": 1, \"low\": 2, \"high\": 4}}"}
{"op_code": 5, "worker_id": "5f7eb2bb-18e8-4170-b452-8b1f9f990d78-140207313843392", "trial_id": 0, "param_name": "neck", "param_value_internal": 565.0, "distribution": "{\"name\": \"IntDistribution\", \"attributes\": {\"log\": false, \"step\": 1, \"low\": 150, \"high\": 700}}"}
{"op_code": 5, "worker_id": "5f7eb2bb-18e8-4170-b452-8b1f9f990d78-140207313843392", "trial_id": 0, "param_name": "dropout", "param_value_internal": 0.2537875752203917, "distribution": "{\"name\": \"FloatDistribution\", \"attributes\": {\"step\": null, \"low\": 0.0, \"high\": 0.4, \"log\": false}}"}
{"op_code": 5, "worker_id": "5f7eb2bb-18e8-4170-b452-8b1f9f990d78-140207313843392", "trial_id": 0, "param_name": "Learning_rate", "param_value_internal": 0.42951192965605794, "distribution": "{\"name\": \"FloatDistribution\", \"attributes\": {\"step\": null, \"low\": 0.0002, \"high\": 0.5, \"log\": false}}"}
{"op_code": 5, "worker_id": "5f7eb2bb-18e8-4170-b452-8b1f9f990d78-140207313843392", "trial_id": 0, "param_name": "scheduler", "param_value_internal": 0, "distribution": "{\"name\": \"CategoricalDistribution\", \"attributes\": {\"choices\": [\"CyclicLR\", \"ReduceLROnPlateau\"]}}"}
{"op_code": 5, "worker_id": "5f7eb2bb-18e8-4170-b452-8b1f9f990d78-140207313843392", "trial_id": 0, "param_name": "step_size_up", "param_value_internal": 1043.0, "distribution": "{\"name\": \"IntDistribution\", \"attributes\": {\"log\": false, \"step\": 1, \"low\": 200, \"high\": 3400}}"}
{"op_code": 5, "worker_id": "5f7eb2bb-18e8-4170-b452-8b1f9f990d78-140207313843392", "trial_id": 0, "param_name": "batch_size", "param_value_internal": 196.0, "distribution": "{\"name\": \"IntDistribution\", \"attributes\": {\"log\": false, \"step\": 1, \"low\": 20, \"high\": 200}}"}
{"op_code": 6, "worker_id": "5f7eb2bb-18e8-4170-b452-8b1f9f990d78-140207313843392", "trial_id": 0, "state": 3, "values": null, "datetime_complete": "2024-06-05T18:22:17.033507"}
{"op_code": 0, "worker_id": "748da60c-e456-4ebb-8cf8-25f665349b1e-140207313843392", "study_name": "no-name-f6818d21-4c50-44c8-8de5-91723ada0b49", "directions": [1]}
{"op_code": 4, "worker_id": "748da60c-e456-4ebb-8cf8-25f665349b1e-140207313843392", "study_id": 1, "datetime_start": "2024-06-05T18:25:52.121842"}
{"op_code": 5, "worker_id": "748da60c-e456-4ebb-8cf8-25f665349b1e-140207313843392", "trial_id": 1, "param_name": "Loss function", "param_value_internal": 2, "distribution": "{\"name\": \"CategoricalDistribution\", \"attributes\": {\"choices\": [\"MSE\", \"Contractive\", \"LWLN\"]}}"}
{"op_code": 5, "worker_id": "748da60c-e456-4ebb-8cf8-25f665349b1e-140207313843392", "trial_id": 1, "param_name": "heads", "param_value_internal": 3.0, "distribution": "{\"name\": \"IntDistribution\", \"attributes\": {\"log\": false, \"step\": 1, \"low\": 2, \"high\": 3}}"}
{"op_code": 5, "worker_id": "748da60c-e456-4ebb-8cf8-25f665349b1e-140207313843392", "trial_id": 1, "param_name": "neck", "param_value_internal": 100.0, "distribution": "{\"name\": \"IntDistribution\", \"attributes\": {\"log\": false, \"step\": 1, \"low\": 100, \"high\": 100}}"}
{"op_code": 5, "worker_id": "748da60c-e456-4ebb-8cf8-25f665349b1e-140207313843392", "trial_id": 1, "param_name": "dropout", "param_value_internal": 0.07708992650136581, "distribution": "{\"name\": \"FloatDistribution\", \"attributes\": {\"step\": null, \"low\": 0.0, \"high\": 0.4, \"log\": false}}"}
{"op_code": 5, "worker_id": "748da60c-e456-4ebb-8cf8-25f665349b1e-140207313843392", "trial_id": 1, "param_name": "Learning_rate", "param_value_internal": 0.24908260718873082, "distribution": "{\"name\": \"FloatDistribution\", \"attributes\": {\"step\": null, \"low\": 0.0002, \"high\": 0.5, \"log\": false}}"}
{"op_code": 5, "worker_id": "748da60c-e456-4ebb-8cf8-25f665349b1e-140207313843392", "trial_id": 1, "param_name": "scheduler", "param_value_internal": 1, "distribution": "{\"name\": \"CategoricalDistribution\", \"attributes\": {\"choices\": [\"CyclicLR\", \"ReduceLROnPlateau\"]}}"}
{"op_code": 5, "worker_id": "748da60c-e456-4ebb-8cf8-25f665349b1e-140207313843392", "trial_id": 1, "param_name": "R-lr-OP_factor", "param_value_internal": 0.4454792457151394, "distribution": "{\"name\": \"FloatDistribution\", \"attributes\": {\"step\": null, \"low\": 0.001, \"high\": 0.5, \"log\": false}}"}
{"op_code": 5, "worker_id": "748da60c-e456-4ebb-8cf8-25f665349b1e-140207313843392", "trial_id": 1, "param_name": "R-lr-OP_threshhold", "param_value_internal": 0.00085758814970639, "distribution": "{\"name\": \"FloatDistribution\", \"attributes\": {\"step\": null, \"low\": 0.0001, \"high\": 0.001, \"log\": false}}"}
{"op_code": 5, "worker_id": "748da60c-e456-4ebb-8cf8-25f665349b1e-140207313843392", "trial_id": 1, "param_name": "thresh_mod", "param_value_internal": 0, "distribution": "{\"name\": \"CategoricalDistribution\", \"attributes\": {\"choices\": [\"rel\", \"abs\"]}}"}
{"op_code": 5, "worker_id": "748da60c-e456-4ebb-8cf8-25f665349b1e-140207313843392", "trial_id": 1, "param_name": "R-lr-OP_eps", "param_value_internal": 1.0721958286296778e-07, "distribution": "{\"name\": \"FloatDistribution\", \"attributes\": {\"step\": null, \"low\": 1e-08, \"high\": 1e-05, \"log\": false}}"}
{"op_code": 5, "worker_id": "748da60c-e456-4ebb-8cf8-25f665349b1e-140207313843392", "trial_id": 1, "param_name": "batch_size", "param_value_internal": 51.0, "distribution": "{\"name\": \"IntDistribution\", \"attributes\": {\"log\": false, \"step\": 1, \"low\": 20, \"high\": 80}}"}
{"op_code": 6, "worker_id": "748da60c-e456-4ebb-8cf8-25f665349b1e-140207313843392", "trial_id": 1, "state": 3, "values": null, "datetime_complete": "2024-06-05T18:26:10.757429"}
{"op_code": 0, "worker_id": "6cc03397-edfc-486c-80b8-f69e22cd0214-140207313843392", "study_name": "no-name-a8645324-c841-41f6-8654-9981ac606c01", "directions": [1]}
{"op_code": 4, "worker_id": "6cc03397-edfc-486c-80b8-f69e22cd0214-140207313843392", "study_id": 2, "datetime_start": "2024-06-05T18:26:20.959917"}
{"op_code": 5, "worker_id": "6cc03397-edfc-486c-80b8-f69e22cd0214-140207313843392", "trial_id": 2, "param_name": "Loss function", "param_value_internal": 0, "distribution": "{\"name\": \"CategoricalDistribution\", \"attributes\": {\"choices\": [\"MSE\", \"Contractive\", \"LWLN\"]}}"}
{"op_code": 5, "worker_id": "6cc03397-edfc-486c-80b8-f69e22cd0214-140207313843392", "trial_id": 2, "param_name": "heads", "param_value_internal": 3.0, "distribution": "{\"name\": \"IntDistribution\", \"attributes\": {\"log\": false, \"step\": 1, \"low\": 2, \"high\": 3}}"}
{"op_code": 5, "worker_id": "6cc03397-edfc-486c-80b8-f69e22cd0214-140207313843392", "trial_id": 2, "param_name": "neck", "param_value_internal": 100.0, "distribution": "{\"name\": \"IntDistribution\", \"attributes\": {\"log\": false, \"step\": 1, \"low\": 100, \"high\": 100}}"}
{"op_code": 5, "worker_id": "6cc03397-edfc-486c-80b8-f69e22cd0214-140207313843392", "trial_id": 2, "param_name": "dropout", "param_value_internal": 0.3623159721442827, "distribution": "{\"name\": \"FloatDistribution\", \"attributes\": {\"step\": null, \"low\": 0.0, \"high\": 0.4, \"log\": false}}"}
{"op_code": 5, "worker_id": "6cc03397-edfc-486c-80b8-f69e22cd0214-140207313843392", "trial_id": 2, "param_name": "Learning_rate", "param_value_internal": 0.24857754801929002, "distribution": "{\"name\": \"FloatDistribution\", \"attributes\": {\"step\": null, \"low\": 0.0002, \"high\": 0.5, \"log\": false}}"}
{"op_code": 5, "worker_id": "6cc03397-edfc-486c-80b8-f69e22cd0214-140207313843392", "trial_id": 2, "param_name": "scheduler", "param_value_internal": 0, "distribution": "{\"name\": \"CategoricalDistribution\", \"attributes\": {\"choices\": [\"CyclicLR\", \"ReduceLROnPlateau\"]}}"}
{"op_code": 5, "worker_id": "6cc03397-edfc-486c-80b8-f69e22cd0214-140207313843392", "trial_id": 2, "param_name": "step_size_up", "param_value_internal": 1330.0, "distribution": "{\"name\": \"IntDistribution\", \"attributes\": {\"log\": false, \"step\": 1, \"low\": 200, \"high\": 3400}}"}
{"op_code": 5, "worker_id": "6cc03397-edfc-486c-80b8-f69e22cd0214-140207313843392", "trial_id": 2, "param_name": "batch_size", "param_value_internal": 60.0, "distribution": "{\"name\": \"IntDistribution\", \"attributes\": {\"log\": false, \"step\": 1, \"low\": 20, \"high\": 80}}"}
{"op_code": 6, "worker_id": "6cc03397-edfc-486c-80b8-f69e22cd0214-140207313843392", "trial_id": 2, "state": 3, "values": null, "datetime_complete": "2024-06-05T18:26:50.021203"}
{"op_code": 0, "worker_id": "a35efa03-f60e-46e6-876f-9ba59aa07366-140207313843392", "study_name": "no-name-640c2a2b-f60c-40ca-8421-ee17251d50d8", "directions": [1]}
{"op_code": 4, "worker_id": "a35efa03-f60e-46e6-876f-9ba59aa07366-140207313843392", "study_id": 3, "datetime_start": "2024-06-05T18:27:07.340538"}
{"op_code": 5, "worker_id": "a35efa03-f60e-46e6-876f-9ba59aa07366-140207313843392", "trial_id": 3, "param_name": "Loss function", "param_value_internal": 0, "distribution": "{\"name\": \"CategoricalDistribution\", \"attributes\": {\"choices\": [\"MSE\", \"Contractive\", \"LWLN\"]}}"}
{"op_code": 5, "worker_id": "a35efa03-f60e-46e6-876f-9ba59aa07366-140207313843392", "trial_id": 3, "param_name": "heads", "param_value_internal": 3.0, "distribution": "{\"name\": \"IntDistribution\", \"attributes\": {\"log\": false, \"step\": 1, \"low\": 2, \"high\": 3}}"}
{"op_code": 5, "worker_id": "a35efa03-f60e-46e6-876f-9ba59aa07366-140207313843392", "trial_id": 3, "param_name": "neck", "param_value_internal": 100.0, "distribution": "{\"name\": \"IntDistribution\", \"attributes\": {\"log\": false, \"step\": 1, \"low\": 100, \"high\": 100}}"}
{"op_code": 5, "worker_id": "a35efa03-f60e-46e6-876f-9ba59aa07366-140207313843392", "trial_id": 3, "param_name": "dropout", "param_value_internal": 0.17681956332597806, "distribution": "{\"name\": \"FloatDistribution\", \"attributes\": {\"step\": null, \"low\": 0.0, \"high\": 0.4, \"log\": false}}"}
{"op_code": 5, "worker_id": "a35efa03-f60e-46e6-876f-9ba59aa07366-140207313843392", "trial_id": 3, "param_name": "Learning_rate", "param_value_internal": 0.23150197714925497, "distribution": "{\"name\": \"FloatDistribution\", \"attributes\": {\"step\": null, \"low\": 0.0002, \"high\": 0.5, \"log\": false}}"}
{"op_code": 5, "worker_id": "a35efa03-f60e-46e6-876f-9ba59aa07366-140207313843392", "trial_id": 3, "param_name": "scheduler", "param_value_internal": 1, "distribution": "{\"name\": \"CategoricalDistribution\", \"attributes\": {\"choices\": [\"CyclicLR\", \"ReduceLROnPlateau\"]}}"}
{"op_code": 5, "worker_id": "a35efa03-f60e-46e6-876f-9ba59aa07366-140207313843392", "trial_id": 3, "param_name": "R-lr-OP_factor", "param_value_internal": 0.037729566092634614, "distribution": "{\"name\": \"FloatDistribution\", \"attributes\": {\"step\": null, \"low\": 0.001, \"high\": 0.5, \"log\": false}}"}
{"op_code": 5, "worker_id": "a35efa03-f60e-46e6-876f-9ba59aa07366-140207313843392", "trial_id": 3, "param_name": "R-lr-OP_threshhold", "param_value_internal": 0.00017601913975974988, "distribution": "{\"name\": \"FloatDistribution\", \"attributes\": {\"step\": null, \"low\": 0.0001, \"high\": 0.001, \"log\": false}}"}
{"op_code": 5, "worker_id": "a35efa03-f60e-46e6-876f-9ba59aa07366-140207313843392", "trial_id": 3, "param_name": "thresh_mod", "param_value_internal": 1, "distribution": "{\"name\": \"CategoricalDistribution\", \"attributes\": {\"choices\": [\"rel\", \"abs\"]}}"}
{"op_code": 5, "worker_id": "a35efa03-f60e-46e6-876f-9ba59aa07366-140207313843392", "trial_id": 3, "param_name": "R-lr-OP_eps", "param_value_internal": 1.5364325244608105e-06, "distribution": "{\"name\": \"FloatDistribution\", \"attributes\": {\"step\": null, \"low\": 1e-08, \"high\": 1e-05, \"log\": false}}"}
{"op_code": 5, "worker_id": "a35efa03-f60e-46e6-876f-9ba59aa07366-140207313843392", "trial_id": 3, "param_name": "batch_size", "param_value_internal": 63.0, "distribution": "{\"name\": \"IntDistribution\", \"attributes\": {\"log\": false, \"step\": 1, \"low\": 20, \"high\": 80}}"}
{"op_code": 6, "worker_id": "a35efa03-f60e-46e6-876f-9ba59aa07366-140207313843392", "trial_id": 3, "state": 3, "values": null, "datetime_complete": "2024-06-05T18:27:31.577068"}
{"op_code": 0, "worker_id": "410edee3-2b6f-4dc6-912c-54c3c12afc7c-140207313843392", "study_name": "no-name-ec554572-fdf7-4e37-b712-ca699c48b54e", "directions": [1]}
{"op_code": 4, "worker_id": "410edee3-2b6f-4dc6-912c-54c3c12afc7c-140207313843392", "study_id": 4, "datetime_start": "2024-06-05T18:28:30.085683"}
{"op_code": 5, "worker_id": "410edee3-2b6f-4dc6-912c-54c3c12afc7c-140207313843392", "trial_id": 4, "param_name": "Loss function", "param_value_internal": 2, "distribution": "{\"name\": \"CategoricalDistribution\", \"attributes\": {\"choices\": [\"MSE\", \"Contractive\", \"LWLN\"]}}"}
{"op_code": 5, "worker_id": "410edee3-2b6f-4dc6-912c-54c3c12afc7c-140207313843392", "trial_id": 4, "param_name": "heads", "param_value_internal": 3.0, "distribution": "{\"name\": \"IntDistribution\", \"attributes\": {\"log\": false, \"step\": 1, \"low\": 2, \"high\": 3}}"}
{"op_code": 5, "worker_id": "410edee3-2b6f-4dc6-912c-54c3c12afc7c-140207313843392", "trial_id": 4, "param_name": "neck", "param_value_internal": 100.0, "distribution": "{\"name\": \"IntDistribution\", \"attributes\": {\"log\": false, \"step\": 1, \"low\": 100, \"high\": 100}}"}
{"op_code": 5, "worker_id": "410edee3-2b6f-4dc6-912c-54c3c12afc7c-140207313843392", "trial_id": 4, "param_name": "dropout", "param_value_internal": 0.1347355473263824, "distribution": "{\"name\": \"FloatDistribution\", \"attributes\": {\"step\": null, \"low\": 0.0, \"high\": 0.4, \"log\": false}}"}
{"op_code": 5, "worker_id": "410edee3-2b6f-4dc6-912c-54c3c12afc7c-140207313843392", "trial_id": 4, "param_name": "Learning_rate", "param_value_internal": 0.44897729976329526, "distribution": "{\"name\": \"FloatDistribution\", \"attributes\": {\"step\": null, \"low\": 0.0002, \"high\": 0.5, \"log\": false}}"}
{"op_code": 5, "worker_id": "410edee3-2b6f-4dc6-912c-54c3c12afc7c-140207313843392", "trial_id": 4, "param_name": "scheduler", "param_value_internal": 0, "distribution": "{\"name\": \"CategoricalDistribution\", \"attributes\": {\"choices\": [\"CyclicLR\"]}}"}
{"op_code": 5, "worker_id": "410edee3-2b6f-4dc6-912c-54c3c12afc7c-140207313843392", "trial_id": 4, "param_name": "step_size_up", "param_value_internal": 3326.0, "distribution": "{\"name\": \"IntDistribution\", \"attributes\": {\"log\": false, \"step\": 1, \"low\": 200, \"high\": 3400}}"}
{"op_code": 5, "worker_id": "410edee3-2b6f-4dc6-912c-54c3c12afc7c-140207313843392", "trial_id": 4, "param_name": "batch_size", "param_value_internal": 54.0, "distribution": "{\"name\": \"IntDistribution\", \"attributes\": {\"log\": false, \"step\": 1, \"low\": 20, \"high\": 80}}"}
{"op_code": 6, "worker_id": "410edee3-2b6f-4dc6-912c-54c3c12afc7c-140207313843392", "trial_id": 4, "state": 3, "values": null, "datetime_complete": "2024-06-05T18:29:03.605576"}
{"op_code": 0, "worker_id": "f2376da5-386a-4725-a3e0-3ae9433c42fe-140319652869312", "study_name": "no-name-3c439fc1-ec5f-4e9e-ab67-99ffb8b24cee", "directions": [1]}
{"op_code": 4, "worker_id": "f2376da5-386a-4725-a3e0-3ae9433c42fe-140319652869312", "study_id": 5, "datetime_start": "2024-06-05T18:29:26.149384"}
{"op_code": 5, "worker_id": "f2376da5-386a-4725-a3e0-3ae9433c42fe-140319652869312", "trial_id": 5, "param_name": "Loss function", "param_value_internal": 1, "distribution": "{\"name\": \"CategoricalDistribution\", \"attributes\": {\"choices\": [\"MSE\", \"Contractive\", \"LWLN\"]}}"}
{"op_code": 5, "worker_id": "f2376da5-386a-4725-a3e0-3ae9433c42fe-140319652869312", "trial_id": 5, "param_name": "Contractive_Lambda", "param_value_internal": 0.0028330252501026065, "distribution": "{\"name\": \"FloatDistribution\", \"attributes\": {\"step\": null, \"low\": 1e-05, \"high\": 0.005, \"log\": false}}"}
{"op_code": 5, "worker_id": "f2376da5-386a-4725-a3e0-3ae9433c42fe-140319652869312", "trial_id": 5, "param_name": "heads", "param_value_internal": 3.0, "distribution": "{\"name\": \"IntDistribution\", \"attributes\": {\"log\": false, \"step\": 1, \"low\": 2, \"high\": 3}}"}
{"op_code": 5, "worker_id": "f2376da5-386a-4725-a3e0-3ae9433c42fe-140319652869312", "trial_id": 5, "param_name": "neck", "param_value_internal": 100.0, "distribution": "{\"name\": \"IntDistribution\", \"attributes\": {\"log\": false, \"step\": 1, \"low\": 100, \"high\": 100}}"}
{"op_code": 5, "worker_id": "f2376da5-386a-4725-a3e0-3ae9433c42fe-140319652869312", "trial_id": 5, "param_name": "dropout", "param_value_internal": 0.3600003151416126, "distribution": "{\"name\": \"FloatDistribution\", \"attributes\": {\"step\": null, \"low\": 0.0, \"high\": 0.4, \"log\": false}}"}
{"op_code": 5, "worker_id": "f2376da5-386a-4725-a3e0-3ae9433c42fe-140319652869312", "trial_id": 5, "param_name": "Learning_rate", "param_value_internal": 0.18498571906034783, "distribution": "{\"name\": \"FloatDistribution\", \"attributes\": {\"step\": null, \"low\": 0.0002, \"high\": 0.5, \"log\": false}}"}
{"op_code": 5, "worker_id": "f2376da5-386a-4725-a3e0-3ae9433c42fe-140319652869312", "trial_id": 5, "param_name": "scheduler", "param_value_internal": 0, "distribution": "{\"name\": \"CategoricalDistribution\", \"attributes\": {\"choices\": [\"CyclicLR\"]}}"}
{"op_code": 5, "worker_id": "f2376da5-386a-4725-a3e0-3ae9433c42fe-140319652869312", "trial_id": 5, "param_name": "step_size_up", "param_value_internal": 1694.0, "distribution": "{\"name\": \"IntDistribution\", \"attributes\": {\"log\": false, \"step\": 1, \"low\": 200, \"high\": 3400}}"}
{"op_code": 5, "worker_id": "f2376da5-386a-4725-a3e0-3ae9433c42fe-140319652869312", "trial_id": 5, "param_name": "batch_size", "param_value_internal": 35.0, "distribution": "{\"name\": \"IntDistribution\", \"attributes\": {\"log\": false, \"step\": 1, \"low\": 20, \"high\": 80}}"}
{"op_code": 6, "worker_id": "f2376da5-386a-4725-a3e0-3ae9433c42fe-140319652869312", "trial_id": 5, "state": 3, "values": null, "datetime_complete": "2024-06-05T18:30:21.374966"}
{"op_code": 0, "worker_id": "7d8da6b6-10af-49bd-83b8-7c2e3e2c6ef4-139967226586304", "study_name": "no-name-d095ff92-b839-4b40-9bc6-16ad94ecc3cc", "directions": [1]}
{"op_code": 4, "worker_id": "7d8da6b6-10af-49bd-83b8-7c2e3e2c6ef4-139967226586304", "study_id": 6, "datetime_start": "2024-06-05T18:30:46.837234"}
{"op_code": 5, "worker_id": "7d8da6b6-10af-49bd-83b8-7c2e3e2c6ef4-139967226586304", "trial_id": 6, "param_name": "Loss function", "param_value_internal": 1, "distribution": "{\"name\": \"CategoricalDistribution\", \"attributes\": {\"choices\": [\"MSE\", \"LWLN\"]}}"}
{"op_code": 5, "worker_id": "7d8da6b6-10af-49bd-83b8-7c2e3e2c6ef4-139967226586304", "trial_id": 6, "param_name": "heads", "param_value_internal": 2.0, "distribution": "{\"name\": \"IntDistribution\", \"attributes\": {\"log\": false, \"step\": 1, \"low\": 2, \"high\": 3}}"}
{"op_code": 5, "worker_id": "7d8da6b6-10af-49bd-83b8-7c2e3e2c6ef4-139967226586304", "trial_id": 6, "param_name": "neck", "param_value_internal": 100.0, "distribution": "{\"name\": \"IntDistribution\", \"attributes\": {\"log\": false, \"step\": 1, \"low\": 100, \"high\": 100}}"}
{"op_code": 5, "worker_id": "7d8da6b6-10af-49bd-83b8-7c2e3e2c6ef4-139967226586304", "trial_id": 6, "param_name": "dropout", "param_value_internal": 0.2307310903350288, "distribution": "{\"name\": \"FloatDistribution\", \"attributes\": {\"step\": null, \"low\": 0.0, \"high\": 0.4, \"log\": false}}"}
{"op_code": 5, "worker_id": "7d8da6b6-10af-49bd-83b8-7c2e3e2c6ef4-139967226586304", "trial_id": 6, "param_name": "Learning_rate", "param_value_internal": 0.4381702727959171, "distribution": "{\"name\": \"FloatDistribution\", \"attributes\": {\"step\": null, \"low\": 0.0002, \"high\": 0.5, \"log\": false}}"}
{"op_code": 5, "worker_id": "7d8da6b6-10af-49bd-83b8-7c2e3e2c6ef4-139967226586304", "trial_id": 6, "param_name": "scheduler", "param_value_internal": 0, "distribution": "{\"name\": \"CategoricalDistribution\", \"attributes\": {\"choices\": [\"CyclicLR\"]}}"}
{"op_code": 5, "worker_id": "7d8da6b6-10af-49bd-83b8-7c2e3e2c6ef4-139967226586304", "trial_id": 6, "param_name": "step_size_up", "param_value_internal": 1548.0, "distribution": "{\"name\": \"IntDistribution\", \"attributes\": {\"log\": false, \"step\": 1, \"low\": 200, \"high\": 3400}}"}
{"op_code": 5, "worker_id": "7d8da6b6-10af-49bd-83b8-7c2e3e2c6ef4-139967226586304", "trial_id": 6, "param_name": "batch_size", "param_value_internal": 100.0, "distribution": "{\"name\": \"IntDistribution\", \"attributes\": {\"log\": false, \"step\": 1, \"low\": 100, \"high\": 100}}"}
{"op_code": 6, "worker_id": "7d8da6b6-10af-49bd-83b8-7c2e3e2c6ef4-139967226586304", "trial_id": 6, "state": 3, "values": null, "datetime_complete": "2024-06-05T18:31:19.070940"}
{"op_code": 0, "worker_id": "d7f0f0c3-cefc-4200-9dca-379b78edb120-139967226586304", "study_name": "no-name-ae405538-43d9-467a-873b-5f9f93a70eef", "directions": [1]}
{"op_code": 4, "worker_id": "d7f0f0c3-cefc-4200-9dca-379b78edb120-139967226586304", "study_id": 7, "datetime_start": "2024-06-05T18:31:46.503748"}
{"op_code": 5, "worker_id": "d7f0f0c3-cefc-4200-9dca-379b78edb120-139967226586304", "trial_id": 7, "param_name": "Loss function", "param_value_internal": 1, "distribution": "{\"name\": \"CategoricalDistribution\", \"attributes\": {\"choices\": [\"MSE\", \"LWLN\"]}}"}
{"op_code": 5, "worker_id": "d7f0f0c3-cefc-4200-9dca-379b78edb120-139967226586304", "trial_id": 7, "param_name": "heads", "param_value_internal": 2.0, "distribution": "{\"name\": \"IntDistribution\", \"attributes\": {\"log\": false, \"step\": 1, \"low\": 2, \"high\": 3}}"}
{"op_code": 5, "worker_id": "d7f0f0c3-cefc-4200-9dca-379b78edb120-139967226586304", "trial_id": 7, "param_name": "neck", "param_value_internal": 100.0, "distribution": "{\"name\": \"IntDistribution\", \"attributes\": {\"log\": false, \"step\": 1, \"low\": 100, \"high\": 100}}"}
{"op_code": 5, "worker_id": "d7f0f0c3-cefc-4200-9dca-379b78edb120-139967226586304", "trial_id": 7, "param_name": "dropout", "param_value_internal": 0.13749541759028236, "distribution": "{\"name\": \"FloatDistribution\", \"attributes\": {\"step\": null, \"low\": 0.0, \"high\": 0.4, \"log\": false}}"}
{"op_code": 5, "worker_id": "d7f0f0c3-cefc-4200-9dca-379b78edb120-139967226586304", "trial_id": 7, "param_name": "Learning_rate", "param_value_internal": 0.46151482011062234, "distribution": "{\"name\": \"FloatDistribution\", \"attributes\": {\"step\": null, \"low\": 0.0002, \"high\": 0.5, \"log\": false}}"}
{"op_code": 5, "worker_id": "d7f0f0c3-cefc-4200-9dca-379b78edb120-139967226586304", "trial_id": 7, "param_name": "scheduler", "param_value_internal": 0, "distribution": "{\"name\": \"CategoricalDistribution\", \"attributes\": {\"choices\": [\"CyclicLR\"]}}"}
{"op_code": 5, "worker_id": "d7f0f0c3-cefc-4200-9dca-379b78edb120-139967226586304", "trial_id": 7, "param_name": "step_size_up", "param_value_internal": 505.0, "distribution": "{\"name\": \"IntDistribution\", \"attributes\": {\"log\": false, \"step\": 1, \"low\": 200, \"high\": 3400}}"}
{"op_code": 5, "worker_id": "d7f0f0c3-cefc-4200-9dca-379b78edb120-139967226586304", "trial_id": 7, "param_name": "batch_size", "param_value_internal": 100.0, "distribution": "{\"name\": \"IntDistribution\", \"attributes\": {\"log\": false, \"step\": 1, \"low\": 100, \"high\": 100}}"}
{"op_code": 6, "worker_id": "d7f0f0c3-cefc-4200-9dca-379b78edb120-139967226586304", "trial_id": 7, "state": 3, "values": null, "datetime_complete": "2024-06-05T19:53:43.196301"}
{"op_code": 0, "worker_id": "03600d76-c19c-45bc-8163-a543afc14c4b-139967226586304", "study_name": "no-name-4d8972af-f883-4997-bd85-8520838f35d7", "directions": [1]}
{"op_code": 4, "worker_id": "03600d76-c19c-45bc-8163-a543afc14c4b-139967226586304", "study_id": 8, "datetime_start": "2024-06-06T10:58:17.173931"}
{"op_code": 5, "worker_id": "03600d76-c19c-45bc-8163-a543afc14c4b-139967226586304", "trial_id": 8, "param_name": "Loss function", "param_value_internal": 2, "distribution": "{\"name\": \"CategoricalDistribution\", \"attributes\": {\"choices\": [\"MSE\", \"LWLN\", \"Contractive\"]}}"}
{"op_code": 5, "worker_id": "03600d76-c19c-45bc-8163-a543afc14c4b-139967226586304", "trial_id": 8, "param_name": "Contractive_Lambda", "param_value_internal": 8.99621774775408e-05, "distribution": "{\"name\": \"FloatDistribution\", \"attributes\": {\"step\": null, \"low\": 1e-05, \"high\": 0.0001, \"log\": false}}"}
{"op_code": 5, "worker_id": "03600d76-c19c-45bc-8163-a543afc14c4b-139967226586304", "trial_id": 8, "param_name": "heads", "param_value_internal": 3.0, "distribution": "{\"name\": \"IntDistribution\", \"attributes\": {\"log\": false, \"step\": 1, \"low\": 2, \"high\": 3}}"}
{"op_code": 5, "worker_id": "03600d76-c19c-45bc-8163-a543afc14c4b-139967226586304", "trial_id": 8, "param_name": "neck", "param_value_internal": 100.0, "distribution": "{\"name\": \"IntDistribution\", \"attributes\": {\"log\": false, \"step\": 1, \"low\": 100, \"high\": 100}}"}
{"op_code": 5, "worker_id": "03600d76-c19c-45bc-8163-a543afc14c4b-139967226586304", "trial_id": 8, "param_name": "dropout", "param_value_internal": 0.03285955879964617, "distribution": "{\"name\": \"FloatDistribution\", \"attributes\": {\"step\": null, \"low\": 0.0, \"high\": 0.4, \"log\": false}}"}
{"op_code": 5, "worker_id": "03600d76-c19c-45bc-8163-a543afc14c4b-139967226586304", "trial_id": 8, "param_name": "Learning_rate", "param_value_internal": 0.16270691253913336, "distribution": "{\"name\": \"FloatDistribution\", \"attributes\": {\"step\": null, \"low\": 0.0002, \"high\": 0.5, \"log\": false}}"}
{"op_code": 5, "worker_id": "03600d76-c19c-45bc-8163-a543afc14c4b-139967226586304", "trial_id": 8, "param_name": "scheduler", "param_value_internal": 1, "distribution": "{\"name\": \"CategoricalDistribution\", \"attributes\": {\"choices\": [\"CyclicLR\", \"ReduceLROnPlateau\"]}}"}
{"op_code": 5, "worker_id": "03600d76-c19c-45bc-8163-a543afc14c4b-139967226586304", "trial_id": 8, "param_name": "R-lr-OP_factor", "param_value_internal": 0.18434951370033537, "distribution": "{\"name\": \"FloatDistribution\", \"attributes\": {\"step\": null, \"low\": 0.001, \"high\": 0.5, \"log\": false}}"}
{"op_code": 5, "worker_id": "03600d76-c19c-45bc-8163-a543afc14c4b-139967226586304", "trial_id": 8, "param_name": "R-lr-OP_threshhold", "param_value_internal": 0.0003903671495765392, "distribution": "{\"name\": \"FloatDistribution\", \"attributes\": {\"step\": null, \"low\": 0.0001, \"high\": 0.001, \"log\": false}}"}
{"op_code": 5, "worker_id": "03600d76-c19c-45bc-8163-a543afc14c4b-139967226586304", "trial_id": 8, "param_name": "thresh_mod", "param_value_internal": 0, "distribution": "{\"name\": \"CategoricalDistribution\", \"attributes\": {\"choices\": [\"rel\", \"abs\"]}}"}
{"op_code": 5, "worker_id": "03600d76-c19c-45bc-8163-a543afc14c4b-139967226586304", "trial_id": 8, "param_name": "R-lr-OP_eps", "param_value_internal": 6.596406495675144e-06, "distribution": "{\"name\": \"FloatDistribution\", \"attributes\": {\"step\": null, \"low\": 1e-08, \"high\": 1e-05, \"log\": false}}"}
{"op_code": 5, "worker_id": "03600d76-c19c-45bc-8163-a543afc14c4b-139967226586304", "trial_id": 8, "param_name": "batch_size", "param_value_internal": 144.0, "distribution": "{\"name\": \"IntDistribution\", \"attributes\": {\"log\": false, \"step\": 1, \"low\": 100, \"high\": 150}}"}
{"op_code": 6, "worker_id": "03600d76-c19c-45bc-8163-a543afc14c4b-139967226586304", "trial_id": 8, "state": 3, "values": null, "datetime_complete": "2024-06-06T11:04:17.512201"}
{"op_code": 0, "worker_id": "83954715-6b4f-48d4-875f-0989ca6df973-140360709067968", "study_name": "no-name-0a4843b7-acb4-438f-9a49-dcac2bade5fc", "directions": [1]}
{"op_code": 4, "worker_id": "83954715-6b4f-48d4-875f-0989ca6df973-140360709067968", "study_id": 9, "datetime_start": "2024-06-06T11:04:28.038033"}
{"op_code": 5, "worker_id": "83954715-6b4f-48d4-875f-0989ca6df973-140360709067968", "trial_id": 9, "param_name": "Loss function", "param_value_internal": 0, "distribution": "{\"name\": \"CategoricalDistribution\", \"attributes\": {\"choices\": [\"MSE\", \"LWLN\", \"Contractive\"]}}"}
{"op_code": 5, "worker_id": "83954715-6b4f-48d4-875f-0989ca6df973-140360709067968", "trial_id": 9, "param_name": "heads", "param_value_internal": 2.0, "distribution": "{\"name\": \"IntDistribution\", \"attributes\": {\"log\": false, \"step\": 1, \"low\": 2, \"high\": 3}}"}
{"op_code": 5, "worker_id": "83954715-6b4f-48d4-875f-0989ca6df973-140360709067968", "trial_id": 9, "param_name": "neck", "param_value_internal": 100.0, "distribution": "{\"name\": \"IntDistribution\", \"attributes\": {\"log\": false, \"step\": 1, \"low\": 100, \"high\": 100}}"}
{"op_code": 5, "worker_id": "83954715-6b4f-48d4-875f-0989ca6df973-140360709067968", "trial_id": 9, "param_name": "dropout", "param_value_internal": 0.3648104947953243, "distribution": "{\"name\": \"FloatDistribution\", \"attributes\": {\"step\": null, \"low\": 0.0, \"high\": 0.4, \"log\": false}}"}
{"op_code": 5, "worker_id": "83954715-6b4f-48d4-875f-0989ca6df973-140360709067968", "trial_id": 9, "param_name": "Learning_rate", "param_value_internal": 0.07192714901261019, "distribution": "{\"name\": \"FloatDistribution\", \"attributes\": {\"step\": null, \"low\": 0.0002, \"high\": 0.5, \"log\": false}}"}
{"op_code": 5, "worker_id": "83954715-6b4f-48d4-875f-0989ca6df973-140360709067968", "trial_id": 9, "param_name": "scheduler", "param_value_internal": 0, "distribution": "{\"name\": \"CategoricalDistribution\", \"attributes\": {\"choices\": [\"CyclicLR\", \"ReduceLROnPlateau\"]}}"}
{"op_code": 5, "worker_id": "83954715-6b4f-48d4-875f-0989ca6df973-140360709067968", "trial_id": 9, "param_name": "step_size_up", "param_value_internal": 3009.0, "distribution": "{\"name\": \"IntDistribution\", \"attributes\": {\"log\": false, \"step\": 1, \"low\": 200, \"high\": 3400}}"}
{"op_code": 5, "worker_id": "83954715-6b4f-48d4-875f-0989ca6df973-140360709067968", "trial_id": 9, "param_name": "batch_size", "param_value_internal": 142.0, "distribution": "{\"name\": \"IntDistribution\", \"attributes\": {\"log\": false, \"step\": 1, \"low\": 100, \"high\": 150}}"}
{"op_code": 6, "worker_id": "83954715-6b4f-48d4-875f-0989ca6df973-140360709067968", "trial_id": 9, "state": 3, "values": null, "datetime_complete": "2024-06-07T14:55:14.899081"}
{"op_code": 0, "worker_id": "8296d2f1-c9ab-4e8f-9f8d-6b871454152f-139917401081024", "study_name": "no-name-e2c0f684-13ba-47a3-a3a3-10c27319eb16", "directions": [1]}
{"op_code": 4, "worker_id": "8296d2f1-c9ab-4e8f-9f8d-6b871454152f-139917401081024", "study_id": 10, "datetime_start": "2024-06-08T13:32:15.755236"}
{"op_code": 5, "worker_id": "8296d2f1-c9ab-4e8f-9f8d-6b871454152f-139917401081024", "trial_id": 10, "param_name": "Loss function", "param_value_internal": 0, "distribution": "{\"name\": \"CategoricalDistribution\", \"attributes\": {\"choices\": [\"MSE\"]}}"}
{"op_code": 5, "worker_id": "8296d2f1-c9ab-4e8f-9f8d-6b871454152f-139917401081024", "trial_id": 10, "param_name": "heads", "param_value_internal": 3.0, "distribution": "{\"name\": \"IntDistribution\", \"attributes\": {\"log\": false, \"step\": 1, \"low\": 3, \"high\": 4}}"}
{"op_code": 5, "worker_id": "8296d2f1-c9ab-4e8f-9f8d-6b871454152f-139917401081024", "trial_id": 10, "param_name": "neck", "param_value_internal": 700.0, "distribution": "{\"name\": \"IntDistribution\", \"attributes\": {\"log\": false, \"step\": 1, \"low\": 700, \"high\": 700}}"}
{"op_code": 5, "worker_id": "8296d2f1-c9ab-4e8f-9f8d-6b871454152f-139917401081024", "trial_id": 10, "param_name": "dropout", "param_value_internal": 0.2423955942304443, "distribution": "{\"name\": \"FloatDistribution\", \"attributes\": {\"step\": null, \"low\": 0.2, \"high\": 0.4, \"log\": false}}"}
{"op_code": 5, "worker_id": "8296d2f1-c9ab-4e8f-9f8d-6b871454152f-139917401081024", "trial_id": 10, "param_name": "Learning_rate", "param_value_internal": 0.11540664396905156, "distribution": "{\"name\": \"FloatDistribution\", \"attributes\": {\"step\": null, \"low\": 0.0002, \"high\": 0.5, \"log\": false}}"}
{"op_code": 5, "worker_id": "8296d2f1-c9ab-4e8f-9f8d-6b871454152f-139917401081024", "trial_id": 10, "param_name": "scheduler", "param_value_internal": 1, "distribution": "{\"name\": \"CategoricalDistribution\", \"attributes\": {\"choices\": [\"CyclicLR\", \"ReduceLROnPlateau\"]}}"}
{"op_code": 5, "worker_id": "8296d2f1-c9ab-4e8f-9f8d-6b871454152f-139917401081024", "trial_id": 10, "param_name": "R-lr-OP_factor", "param_value_internal": 0.06489379923741605, "distribution": "{\"name\": \"FloatDistribution\", \"attributes\": {\"step\": null, \"low\": 0.001, \"high\": 0.5, \"log\": false}}"}
{"op_code": 5, "worker_id": "8296d2f1-c9ab-4e8f-9f8d-6b871454152f-139917401081024", "trial_id": 10, "param_name": "R-lr-OP_threshhold", "param_value_internal": 0.0008738157060595498, "distribution": "{\"name\": \"FloatDistribution\", \"attributes\": {\"step\": null, \"low\": 0.0001, \"high\": 0.001, \"log\": false}}"}
{"op_code": 5, "worker_id": "8296d2f1-c9ab-4e8f-9f8d-6b871454152f-139917401081024", "trial_id": 10, "param_name": "thresh_mod", "param_value_internal": 0, "distribution": "{\"name\": \"CategoricalDistribution\", \"attributes\": {\"choices\": [\"rel\", \"abs\"]}}"}
{"op_code": 5, "worker_id": "8296d2f1-c9ab-4e8f-9f8d-6b871454152f-139917401081024", "trial_id": 10, "param_name": "R-lr-OP_eps", "param_value_internal": 6.457348154435561e-06, "distribution": "{\"name\": \"FloatDistribution\", \"attributes\": {\"step\": null, \"low\": 1e-08, \"high\": 1e-05, \"log\": false}}"}
{"op_code": 6, "worker_id": "8296d2f1-c9ab-4e8f-9f8d-6b871454152f-139917401081024", "trial_id": 10, "state": 3, "values": null, "datetime_complete": "2024-06-08T13:32:18.107189"}
{"op_code": 0, "worker_id": "8bd9e560-2d7e-4b28-b6ce-84b8854640b7-140074237285568", "study_name": "no-name-be873890-1e0e-4fd5-beb5-a7e9bb2e702e", "directions": [1]}
{"op_code": 4, "worker_id": "8bd9e560-2d7e-4b28-b6ce-84b8854640b7-140074237285568", "study_id": 11, "datetime_start": "2024-06-08T13:33:26.078120"}
{"op_code": 5, "worker_id": "8bd9e560-2d7e-4b28-b6ce-84b8854640b7-140074237285568", "trial_id": 11, "param_name": "Loss function", "param_value_internal": 0, "distribution": "{\"name\": \"CategoricalDistribution\", \"attributes\": {\"choices\": [\"MSE\"]}}"}
{"op_code": 5, "worker_id": "8bd9e560-2d7e-4b28-b6ce-84b8854640b7-140074237285568", "trial_id": 11, "param_name": "heads", "param_value_internal": 4.0, "distribution": "{\"name\": \"IntDistribution\", \"attributes\": {\"log\": false, \"step\": 1, \"low\": 3, \"high\": 4}}"}
{"op_code": 5, "worker_id": "8bd9e560-2d7e-4b28-b6ce-84b8854640b7-140074237285568", "trial_id": 11, "param_name": "neck", "param_value_internal": 700.0, "distribution": "{\"name\": \"IntDistribution\", \"attributes\": {\"log\": false, \"step\": 1, \"low\": 700, \"high\": 700}}"}
{"op_code": 5, "worker_id": "8bd9e560-2d7e-4b28-b6ce-84b8854640b7-140074237285568", "trial_id": 11, "param_name": "dropout", "param_value_internal": 0.3898258872179243, "distribution": "{\"name\": \"FloatDistribution\", \"attributes\": {\"step\": null, \"low\": 0.2, \"high\": 0.4, \"log\": false}}"}
{"op_code": 5, "worker_id": "8bd9e560-2d7e-4b28-b6ce-84b8854640b7-140074237285568", "trial_id": 11, "param_name": "Learning_rate", "param_value_internal": 0.041788529261952055, "distribution": "{\"name\": \"FloatDistribution\", \"attributes\": {\"step\": null, \"low\": 0.0002, \"high\": 0.5, \"log\": false}}"}
{"op_code": 5, "worker_id": "8bd9e560-2d7e-4b28-b6ce-84b8854640b7-140074237285568", "trial_id": 11, "param_name": "scheduler", "param_value_internal": 1, "distribution": "{\"name\": \"CategoricalDistribution\", \"attributes\": {\"choices\": [\"CyclicLR\", \"ReduceLROnPlateau\"]}}"}
{"op_code": 5, "worker_id": "8bd9e560-2d7e-4b28-b6ce-84b8854640b7-140074237285568", "trial_id": 11, "param_name": "R-lr-OP_factor", "param_value_internal": 0.2086198138134927, "distribution": "{\"name\": \"FloatDistribution\", \"attributes\": {\"step\": null, \"low\": 0.001, \"high\": 0.5, \"log\": false}}"}
{"op_code": 5, "worker_id": "8bd9e560-2d7e-4b28-b6ce-84b8854640b7-140074237285568", "trial_id": 11, "param_name": "R-lr-OP_threshhold", "param_value_internal": 0.0009992139408591307, "distribution": "{\"name\": \"FloatDistribution\", \"attributes\": {\"step\": null, \"low\": 0.0001, \"high\": 0.001, \"log\": false}}"}
{"op_code": 5, "worker_id": "8bd9e560-2d7e-4b28-b6ce-84b8854640b7-140074237285568", "trial_id": 11, "param_name": "thresh_mod", "param_value_internal": 0, "distribution": "{\"name\": \"CategoricalDistribution\", \"attributes\": {\"choices\": [\"rel\", \"abs\"]}}"}
{"op_code": 5, "worker_id": "8bd9e560-2d7e-4b28-b6ce-84b8854640b7-140074237285568", "trial_id": 11, "param_name": "R-lr-OP_eps", "param_value_internal": 8.894823628591254e-06, "distribution": "{\"name\": \"FloatDistribution\", \"attributes\": {\"step\": null, \"low\": 1e-08, \"high\": 1e-05, \"log\": false}}"}
{"op_code": 6, "worker_id": "8bd9e560-2d7e-4b28-b6ce-84b8854640b7-140074237285568", "trial_id": 11, "state": 3, "values": null, "datetime_complete": "2024-06-08T13:33:37.596307"}
{"op_code": 0, "worker_id": "c20d492d-4628-48c2-87b5-0a96d41ee5d2-140119050273984", "study_name": "no-name-fc9001a4-07c7-498f-b6b4-18223d7ae68c", "directions": [1]}
{"op_code": 4, "worker_id": "c20d492d-4628-48c2-87b5-0a96d41ee5d2-140119050273984", "study_id": 12, "datetime_start": "2024-06-08T13:34:01.210865"}
{"op_code": 5, "worker_id": "c20d492d-4628-48c2-87b5-0a96d41ee5d2-140119050273984", "trial_id": 12, "param_name": "Loss function", "param_value_internal": 0, "distribution": "{\"name\": \"CategoricalDistribution\", \"attributes\": {\"choices\": [\"MSE\"]}}"}
{"op_code": 5, "worker_id": "c20d492d-4628-48c2-87b5-0a96d41ee5d2-140119050273984", "trial_id": 12, "param_name": "heads", "param_value_internal": 3.0, "distribution": "{\"name\": \"IntDistribution\", \"attributes\": {\"log\": false, \"step\": 1, \"low\": 3, \"high\": 4}}"}
{"op_code": 5, "worker_id": "c20d492d-4628-48c2-87b5-0a96d41ee5d2-140119050273984", "trial_id": 12, "param_name": "neck", "param_value_internal": 700.0, "distribution": "{\"name\": \"IntDistribution\", \"attributes\": {\"log\": false, \"step\": 1, \"low\": 700, \"high\": 700}}"}
{"op_code": 5, "worker_id": "c20d492d-4628-48c2-87b5-0a96d41ee5d2-140119050273984", "trial_id": 12, "param_name": "dropout", "param_value_internal": 0.23763724181374624, "distribution": "{\"name\": \"FloatDistribution\", \"attributes\": {\"step\": null, \"low\": 0.2, \"high\": 0.4, \"log\": false}}"}
{"op_code": 5, "worker_id": "c20d492d-4628-48c2-87b5-0a96d41ee5d2-140119050273984", "trial_id": 12, "param_name": "Learning_rate", "param_value_internal": 0.3033103352742763, "distribution": "{\"name\": \"FloatDistribution\", \"attributes\": {\"step\": null, \"low\": 0.0002, \"high\": 0.5, \"log\": false}}"}
{"op_code": 5, "worker_id": "c20d492d-4628-48c2-87b5-0a96d41ee5d2-140119050273984", "trial_id": 12, "param_name": "scheduler", "param_value_internal": 0, "distribution": "{\"name\": \"CategoricalDistribution\", \"attributes\": {\"choices\": [\"CyclicLR\"]}}"}
{"op_code": 5, "worker_id": "c20d492d-4628-48c2-87b5-0a96d41ee5d2-140119050273984", "trial_id": 12, "param_name": "step_size_up", "param_value_internal": 1076.0, "distribution": "{\"name\": \"IntDistribution\", \"attributes\": {\"log\": false, \"step\": 1, \"low\": 900, \"high\": 2800}}"}
{"op_code": 6, "worker_id": "c20d492d-4628-48c2-87b5-0a96d41ee5d2-140119050273984", "trial_id": 12, "state": 3, "values": null, "datetime_complete": "2024-06-10T15:18:30.133852"}
{"op_code": 0, "worker_id": "ed1a8b1e-33dd-43ea-a6a4-2bcb47373be9-139891042448576", "study_name": "no-name-e560364b-3413-492d-ba3a-7c68288a6de8", "directions": [1]}
{"op_code": 4, "worker_id": "ed1a8b1e-33dd-43ea-a6a4-2bcb47373be9-139891042448576", "study_id": 13, "datetime_start": "2024-06-10T15:24:47.892587"}
{"op_code": 5, "worker_id": "ed1a8b1e-33dd-43ea-a6a4-2bcb47373be9-139891042448576", "trial_id": 13, "param_name": "Loss function", "param_value_internal": 0, "distribution": "{\"name\": \"CategoricalDistribution\", \"attributes\": {\"choices\": [\"MSE\"]}}"}
{"op_code": 5, "worker_id": "ed1a8b1e-33dd-43ea-a6a4-2bcb47373be9-139891042448576", "trial_id": 13, "param_name": "heads", "param_value_internal": 4.0, "distribution": "{\"name\": \"IntDistribution\", \"attributes\": {\"log\": false, \"step\": 1, \"low\": 4, \"high\": 4}}"}
{"op_code": 5, "worker_id": "ed1a8b1e-33dd-43ea-a6a4-2bcb47373be9-139891042448576", "trial_id": 13, "param_name": "neck", "param_value_internal": 700.0, "distribution": "{\"name\": \"IntDistribution\", \"attributes\": {\"log\": false, \"step\": 1, \"low\": 700, \"high\": 700}}"}
{"op_code": 5, "worker_id": "ed1a8b1e-33dd-43ea-a6a4-2bcb47373be9-139891042448576", "trial_id": 13, "param_name": "scheduler", "param_value_internal": 0, "distribution": "{\"name\": \"CategoricalDistribution\", \"attributes\": {\"choices\": [\"CyclicLR\"]}}"}
{"op_code": 6, "worker_id": "ed1a8b1e-33dd-43ea-a6a4-2bcb47373be9-139891042448576", "trial_id": 13, "state": 3, "values": null, "datetime_complete": "2024-06-10T15:25:07.723014"}
{"op_code": 0, "worker_id": "6a9e001e-b3bc-4ef0-aec7-197027eb27f6-139891042448576", "study_name": "no-name-471e663a-71fd-4156-a177-a3c402706c8d", "directions": [1]}
{"op_code": 4, "worker_id": "6a9e001e-b3bc-4ef0-aec7-197027eb27f6-139891042448576", "study_id": 14, "datetime_start": "2024-06-10T15:26:38.336789"}
{"op_code": 5, "worker_id": "6a9e001e-b3bc-4ef0-aec7-197027eb27f6-139891042448576", "trial_id": 14, "param_name": "Loss function", "param_value_internal": 0, "distribution": "{\"name\": \"CategoricalDistribution\", \"attributes\": {\"choices\": [\"MSE\"]}}"}
{"op_code": 5, "worker_id": "6a9e001e-b3bc-4ef0-aec7-197027eb27f6-139891042448576", "trial_id": 14, "param_name": "heads", "param_value_internal": 4.0, "distribution": "{\"name\": \"IntDistribution\", \"attributes\": {\"log\": false, \"step\": 1, \"low\": 4, \"high\": 4}}"}
{"op_code": 5, "worker_id": "6a9e001e-b3bc-4ef0-aec7-197027eb27f6-139891042448576", "trial_id": 14, "param_name": "neck", "param_value_internal": 700.0, "distribution": "{\"name\": \"IntDistribution\", \"attributes\": {\"log\": false, \"step\": 1, \"low\": 700, \"high\": 700}}"}
{"op_code": 5, "worker_id": "6a9e001e-b3bc-4ef0-aec7-197027eb27f6-139891042448576", "trial_id": 14, "param_name": "scheduler", "param_value_internal": 0, "distribution": "{\"name\": \"CategoricalDistribution\", \"attributes\": {\"choices\": [\"CyclicLR\"]}}"}
{"op_code": 6, "worker_id": "6a9e001e-b3bc-4ef0-aec7-197027eb27f6-139891042448576", "trial_id": 14, "state": 3, "values": null, "datetime_complete": "2024-06-13T12:31:16.842028"}
{"op_code": 0, "worker_id": "27c1b24f-f54d-496c-a680-bae1005618e8-139856861471936", "study_name": "no-name-a37811f4-3b78-4690-9d90-3bba58967461", "directions": [1]}
{"op_code": 4, "worker_id": "27c1b24f-f54d-496c-a680-bae1005618e8-139856861471936", "study_id": 15, "datetime_start": "2024-06-15T07:03:06.929730"}
{"op_code": 5, "worker_id": "27c1b24f-f54d-496c-a680-bae1005618e8-139856861471936", "trial_id": 15, "param_name": "Loss function", "param_value_internal": 0, "distribution": "{\"name\": \"CategoricalDistribution\", \"attributes\": {\"choices\": [\"MSE\"]}}"}
{"op_code": 5, "worker_id": "27c1b24f-f54d-496c-a680-bae1005618e8-139856861471936", "trial_id": 15, "param_name": "heads", "param_value_internal": 4.0, "distribution": "{\"name\": \"IntDistribution\", \"attributes\": {\"log\": false, \"step\": 1, \"low\": 4, \"high\": 4}}"}
{"op_code": 6, "worker_id": "27c1b24f-f54d-496c-a680-bae1005618e8-139856861471936", "trial_id": 15, "state": 3, "values": null, "datetime_complete": "2024-06-15T07:03:08.815520"}
{"op_code": 0, "worker_id": "d78e53be-bf94-47c7-abe5-faa8e4b9849f-139856861471936", "study_name": "no-name-3a7d627b-d526-4418-8c2e-bf8245b27fd1", "directions": [1]}
{"op_code": 4, "worker_id": "d78e53be-bf94-47c7-abe5-faa8e4b9849f-139856861471936", "study_id": 16, "datetime_start": "2024-06-15T07:04:05.184638"}
{"op_code": 5, "worker_id": "d78e53be-bf94-47c7-abe5-faa8e4b9849f-139856861471936", "trial_id": 16, "param_name": "Loss function", "param_value_internal": 0, "distribution": "{\"name\": \"CategoricalDistribution\", \"attributes\": {\"choices\": [\"MSE\"]}}"}
{"op_code": 5, "worker_id": "d78e53be-bf94-47c7-abe5-faa8e4b9849f-139856861471936", "trial_id": 16, "param_name": "heads", "param_value_internal": 4.0, "distribution": "{\"name\": \"IntDistribution\", \"attributes\": {\"log\": false, \"step\": 1, \"low\": 4, \"high\": 4}}"}
{"op_code": 5, "worker_id": "d78e53be-bf94-47c7-abe5-faa8e4b9849f-139856861471936", "trial_id": 16, "param_name": "scheduler", "param_value_internal": 0, "distribution": "{\"name\": \"CategoricalDistribution\", \"attributes\": {\"choices\": [\"CyclicLR\"]}}"}
{"op_code": 6, "worker_id": "d78e53be-bf94-47c7-abe5-faa8e4b9849f-139856861471936", "trial_id": 16, "state": 3, "values": null, "datetime_complete": "2024-06-15T07:04:05.887617"}
{"op_code": 0, "worker_id": "8b948bed-029f-468a-9718-7b327c43d92f-139856861471936", "study_name": "no-name-17adbb6e-b5a5-4e3a-b427-609e202866a1", "directions": [1]}
{"op_code": 4, "worker_id": "8b948bed-029f-468a-9718-7b327c43d92f-139856861471936", "study_id": 17, "datetime_start": "2024-06-15T07:05:45.905905"}
{"op_code": 5, "worker_id": "8b948bed-029f-468a-9718-7b327c43d92f-139856861471936", "trial_id": 17, "param_name": "Loss function", "param_value_internal": 0, "distribution": "{\"name\": \"CategoricalDistribution\", \"attributes\": {\"choices\": [\"MSE\"]}}"}
{"op_code": 5, "worker_id": "8b948bed-029f-468a-9718-7b327c43d92f-139856861471936", "trial_id": 17, "param_name": "heads", "param_value_internal": 4.0, "distribution": "{\"name\": \"IntDistribution\", \"attributes\": {\"log\": false, \"step\": 1, \"low\": 4, \"high\": 4}}"}
{"op_code": 5, "worker_id": "8b948bed-029f-468a-9718-7b327c43d92f-139856861471936", "trial_id": 17, "param_name": "scheduler", "param_value_internal": 0, "distribution": "{\"name\": \"CategoricalDistribution\", \"attributes\": {\"choices\": [\"CyclicLR\"]}}"}
{"op_code": 6, "worker_id": "8b948bed-029f-468a-9718-7b327c43d92f-139856861471936", "trial_id": 17, "state": 3, "values": null, "datetime_complete": "2024-06-15T07:06:41.084906"}
{"op_code": 0, "worker_id": "0cfbd101-2456-4108-87cb-9073fcc5fc1e-139856861471936", "study_name": "no-name-26131209-9585-42eb-8304-43e96bb19734", "directions": [1]}
{"op_code": 4, "worker_id": "0cfbd101-2456-4108-87cb-9073fcc5fc1e-139856861471936", "study_id": 18, "datetime_start": "2024-06-15T07:13:21.186863"}
{"op_code": 5, "worker_id": "0cfbd101-2456-4108-87cb-9073fcc5fc1e-139856861471936", "trial_id": 18, "param_name": "Loss function", "param_value_internal": 0, "distribution": "{\"name\": \"CategoricalDistribution\", \"attributes\": {\"choices\": [\"MSE\"]}}"}
{"op_code": 5, "worker_id": "0cfbd101-2456-4108-87cb-9073fcc5fc1e-139856861471936", "trial_id": 18, "param_name": "heads", "param_value_internal": 4.0, "distribution": "{\"name\": \"IntDistribution\", \"attributes\": {\"log\": false, \"step\": 1, \"low\": 4, \"high\": 4}}"}
{"op_code": 5, "worker_id": "0cfbd101-2456-4108-87cb-9073fcc5fc1e-139856861471936", "trial_id": 18, "param_name": "scheduler", "param_value_internal": 0, "distribution": "{\"name\": \"CategoricalDistribution\", \"attributes\": {\"choices\": [\"CyclicLR\"]}}"}
{"op_code": 6, "worker_id": "0cfbd101-2456-4108-87cb-9073fcc5fc1e-139856861471936", "trial_id": 18, "state": 3, "values": null, "datetime_complete": "2024-06-15T07:13:56.869508"}
{"op_code": 0, "worker_id": "b036a062-52b2-46ff-82da-fa77327298a8-139856861471936", "study_name": "no-name-3bf7cd84-491a-4d80-9eba-032425e1a196", "directions": [1]}
{"op_code": 4, "worker_id": "b036a062-52b2-46ff-82da-fa77327298a8-139856861471936", "study_id": 19, "datetime_start": "2024-06-15T07:14:48.812303"}
{"op_code": 5, "worker_id": "b036a062-52b2-46ff-82da-fa77327298a8-139856861471936", "trial_id": 19, "param_name": "Loss function", "param_value_internal": 0, "distribution": "{\"name\": \"CategoricalDistribution\", \"attributes\": {\"choices\": [\"MSE\"]}}"}
{"op_code": 5, "worker_id": "b036a062-52b2-46ff-82da-fa77327298a8-139856861471936", "trial_id": 19, "param_name": "heads", "param_value_internal": 4.0, "distribution": "{\"name\": \"IntDistribution\", \"attributes\": {\"log\": false, \"step\": 1, \"low\": 4, \"high\": 4}}"}
{"op_code": 5, "worker_id": "b036a062-52b2-46ff-82da-fa77327298a8-139856861471936", "trial_id": 19, "param_name": "scheduler", "param_value_internal": 0, "distribution": "{\"name\": \"CategoricalDistribution\", \"attributes\": {\"choices\": [\"CyclicLR\"]}}"}
{"op_code": 6, "worker_id": "b036a062-52b2-46ff-82da-fa77327298a8-139856861471936", "trial_id": 19, "state": 3, "values": null, "datetime_complete": "2024-06-15T07:15:26.368120"}
{"op_code": 0, "worker_id": "e5325905-de37-489f-af4a-fc6c12f62178-139856861471936", "study_name": "no-name-ba774ff7-5d81-4534-a0cb-0f5f9f3f3b88", "directions": [1]}
{"op_code": 4, "worker_id": "e5325905-de37-489f-af4a-fc6c12f62178-139856861471936", "study_id": 20, "datetime_start": "2024-06-15T07:33:56.502343"}
{"op_code": 5, "worker_id": "e5325905-de37-489f-af4a-fc6c12f62178-139856861471936", "trial_id": 20, "param_name": "Loss function", "param_value_internal": 0, "distribution": "{\"name\": \"CategoricalDistribution\", \"attributes\": {\"choices\": [\"MSE\"]}}"}
{"op_code": 5, "worker_id": "e5325905-de37-489f-af4a-fc6c12f62178-139856861471936", "trial_id": 20, "param_name": "heads", "param_value_internal": 4.0, "distribution": "{\"name\": \"IntDistribution\", \"attributes\": {\"log\": false, \"step\": 1, \"low\": 4, \"high\": 4}}"}
{"op_code": 5, "worker_id": "e5325905-de37-489f-af4a-fc6c12f62178-139856861471936", "trial_id": 20, "param_name": "scheduler", "param_value_internal": 0, "distribution": "{\"name\": \"CategoricalDistribution\", \"attributes\": {\"choices\": [\"CyclicLR\"]}}"}
{"op_code": 6, "worker_id": "e5325905-de37-489f-af4a-fc6c12f62178-139856861471936", "trial_id": 20, "state": 3, "values": null, "datetime_complete": "2024-06-15T07:34:53.322089"}
{"op_code": 0, "worker_id": "eb78f699-b4f8-4541-a08f-596bd731900f-140521344492736", "study_name": "no-name-6a6914b2-93d8-441e-9be0-dfcac46db91e", "directions": [1]}
{"op_code": 4, "worker_id": "eb78f699-b4f8-4541-a08f-596bd731900f-140521344492736", "study_id": 21, "datetime_start": "2024-06-15T07:35:07.115383"}
{"op_code": 5, "worker_id": "eb78f699-b4f8-4541-a08f-596bd731900f-140521344492736", "trial_id": 21, "param_name": "Loss function", "param_value_internal": 0, "distribution": "{\"name\": \"CategoricalDistribution\", \"attributes\": {\"choices\": [\"MSE\"]}}"}
{"op_code": 5, "worker_id": "eb78f699-b4f8-4541-a08f-596bd731900f-140521344492736", "trial_id": 21, "param_name": "scheduler", "param_value_internal": 0, "distribution": "{\"name\": \"CategoricalDistribution\", \"attributes\": {\"choices\": [\"CyclicLR\"]}}"}
{"op_code": 6, "worker_id": "eb78f699-b4f8-4541-a08f-596bd731900f-140521344492736", "trial_id": 21, "state": 3, "values": null, "datetime_complete": "2024-06-15T07:36:04.715777"}
{"op_code": 0, "worker_id": "3a88caf9-2928-40f7-a0a6-482b77e72d7a-139842978018496", "study_name": "no-name-5b6a0d5b-0e7b-45b0-b7e6-53b65d57fe41", "directions": [1]}
{"op_code": 4, "worker_id": "3a88caf9-2928-40f7-a0a6-482b77e72d7a-139842978018496", "study_id": 22, "datetime_start": "2024-06-15T07:37:00.781844"}
{"op_code": 5, "worker_id": "3a88caf9-2928-40f7-a0a6-482b77e72d7a-139842978018496", "trial_id": 22, "param_name": "Loss function", "param_value_internal": 0, "distribution": "{\"name\": \"CategoricalDistribution\", \"attributes\": {\"choices\": [\"MSE\"]}}"}
{"op_code": 5, "worker_id": "3a88caf9-2928-40f7-a0a6-482b77e72d7a-139842978018496", "trial_id": 22, "param_name": "scheduler", "param_value_internal": 0, "distribution": "{\"name\": \"CategoricalDistribution\", \"attributes\": {\"choices\": [\"CyclicLR\"]}}"}
{"op_code": 6, "worker_id": "3a88caf9-2928-40f7-a0a6-482b77e72d7a-139842978018496", "trial_id": 22, "state": 3, "values": null, "datetime_complete": "2024-06-15T07:43:49.707935"}
{"op_code": 0, "worker_id": "95758d1d-8c8e-422c-8236-af444886de4b-139842978018496", "study_name": "no-name-ba535694-9c1b-4852-9594-bd38da24e83e", "directions": [1]}
{"op_code": 4, "worker_id": "95758d1d-8c8e-422c-8236-af444886de4b-139842978018496", "study_id": 23, "datetime_start": "2024-06-15T07:51:03.255627"}
{"op_code": 5, "worker_id": "95758d1d-8c8e-422c-8236-af444886de4b-139842978018496", "trial_id": 23, "param_name": "Loss function", "param_value_internal": 0, "distribution": "{\"name\": \"CategoricalDistribution\", \"attributes\": {\"choices\": [\"MSE\"]}}"}
{"op_code": 5, "worker_id": "95758d1d-8c8e-422c-8236-af444886de4b-139842978018496", "trial_id": 23, "param_name": "scheduler", "param_value_internal": 0, "distribution": "{\"name\": \"CategoricalDistribution\", \"attributes\": {\"choices\": [\"CyclicLR\"]}}"}
{"op_code": 6, "worker_id": "95758d1d-8c8e-422c-8236-af444886de4b-139842978018496", "trial_id": 23, "state": 3, "values": null, "datetime_complete": "2024-06-15T07:57:41.401226"}
{"op_code": 0, "worker_id": "827b73b9-dce8-435c-8159-9d733e9fe89e-139785353118912", "study_name": "no-name-1a692026-7883-47ae-9156-09ac13f3ac2b", "directions": [1]}
{"op_code": 4, "worker_id": "827b73b9-dce8-435c-8159-9d733e9fe89e-139785353118912", "study_id": 24, "datetime_start": "2024-06-15T08:01:00.708891"}
{"op_code": 5, "worker_id": "827b73b9-dce8-435c-8159-9d733e9fe89e-139785353118912", "trial_id": 24, "param_name": "Loss function", "param_value_internal": 0, "distribution": "{\"name\": \"CategoricalDistribution\", \"attributes\": {\"choices\": [\"MSE\"]}}"}
{"op_code": 5, "worker_id": "827b73b9-dce8-435c-8159-9d733e9fe89e-139785353118912", "trial_id": 24, "param_name": "scheduler", "param_value_internal": 0, "distribution": "{\"name\": \"CategoricalDistribution\", \"attributes\": {\"choices\": [\"CyclicLR\"]}}"}
{"op_code": 6, "worker_id": "827b73b9-dce8-435c-8159-9d733e9fe89e-139785353118912", "trial_id": 24, "state": 3, "values": null, "datetime_complete": "2024-06-15T08:01:31.156408"}
{"op_code": 0, "worker_id": "e6c3e0a0-6a1c-401d-ba16-8fa6d36d136f-140655086142656", "study_name": "no-name-82530a2c-35d7-429d-b707-1b713d844834", "directions": [1]}
{"op_code": 4, "worker_id": "e6c3e0a0-6a1c-401d-ba16-8fa6d36d136f-140655086142656", "study_id": 25, "datetime_start": "2024-06-15T08:02:22.185355"}
{"op_code": 5, "worker_id": "e6c3e0a0-6a1c-401d-ba16-8fa6d36d136f-140655086142656", "trial_id": 25, "param_name": "Loss function", "param_value_internal": 0, "distribution": "{\"name\": \"CategoricalDistribution\", \"attributes\": {\"choices\": [\"MSE\"]}}"}
{"op_code": 5, "worker_id": "e6c3e0a0-6a1c-401d-ba16-8fa6d36d136f-140655086142656", "trial_id": 25, "param_name": "scheduler", "param_value_internal": 0, "distribution": "{\"name\": \"CategoricalDistribution\", \"attributes\": {\"choices\": [\"CyclicLR\"]}}"}
{"op_code": 6, "worker_id": "e6c3e0a0-6a1c-401d-ba16-8fa6d36d136f-140655086142656", "trial_id": 25, "state": 3, "values": null, "datetime_complete": "2024-06-15T08:02:53.698773"}
{"op_code": 0, "worker_id": "2ae112dc-8b01-4095-837c-b35d89ff22b1-140536432620736", "study_name": "no-name-d5e293b9-5a42-409b-8f17-15e365ac3973", "directions": [1]}
{"op_code": 4, "worker_id": "2ae112dc-8b01-4095-837c-b35d89ff22b1-140536432620736", "study_id": 26, "datetime_start": "2024-06-15T08:08:16.486494"}
{"op_code": 5, "worker_id": "2ae112dc-8b01-4095-837c-b35d89ff22b1-140536432620736", "trial_id": 26, "param_name": "Loss function", "param_value_internal": 0, "distribution": "{\"name\": \"CategoricalDistribution\", \"attributes\": {\"choices\": [\"MSE\"]}}"}
{"op_code": 5, "worker_id": "2ae112dc-8b01-4095-837c-b35d89ff22b1-140536432620736", "trial_id": 26, "param_name": "scheduler", "param_value_internal": 0, "distribution": "{\"name\": \"CategoricalDistribution\", \"attributes\": {\"choices\": [\"CyclicLR\"]}}"}
{"op_code": 6, "worker_id": "2ae112dc-8b01-4095-837c-b35d89ff22b1-140536432620736", "trial_id": 26, "state": 3, "values": null, "datetime_complete": "2024-06-15T08:08:18.866709"}
{"op_code": 0, "worker_id": "c01cbe3c-2098-4490-91b0-3ea7ef4779e1-140149274084544", "study_name": "no-name-e9e637c7-e801-4fb2-a554-ce46bfe79825", "directions": [1]}
{"op_code": 4, "worker_id": "c01cbe3c-2098-4490-91b0-3ea7ef4779e1-140149274084544", "study_id": 27, "datetime_start": "2024-06-15T08:08:30.540958"}
{"op_code": 5, "worker_id": "c01cbe3c-2098-4490-91b0-3ea7ef4779e1-140149274084544", "trial_id": 27, "param_name": "Loss function", "param_value_internal": 0, "distribution": "{\"name\": \"CategoricalDistribution\", \"attributes\": {\"choices\": [\"MSE\"]}}"}
{"op_code": 5, "worker_id": "c01cbe3c-2098-4490-91b0-3ea7ef4779e1-140149274084544", "trial_id": 27, "param_name": "scheduler", "param_value_internal": 0, "distribution": "{\"name\": \"CategoricalDistribution\", \"attributes\": {\"choices\": [\"CyclicLR\"]}}"}
{"op_code": 6, "worker_id": "c01cbe3c-2098-4490-91b0-3ea7ef4779e1-140149274084544", "trial_id": 27, "state": 3, "values": null, "datetime_complete": "2024-06-15T08:12:02.668123"}
{"op_code": 0, "worker_id": "720a2675-62ca-4533-ba60-8d7415178f2e-140681770439872", "study_name": "no-name-fa93a99c-ccab-4089-9a13-c79941726d37", "directions": [1]}
{"op_code": 4, "worker_id": "720a2675-62ca-4533-ba60-8d7415178f2e-140681770439872", "study_id": 28, "datetime_start": "2024-06-15T08:17:50.957822"}
{"op_code": 5, "worker_id": "720a2675-62ca-4533-ba60-8d7415178f2e-140681770439872", "trial_id": 28, "param_name": "Loss function", "param_value_internal": 0, "distribution": "{\"name\": \"CategoricalDistribution\", \"attributes\": {\"choices\": [\"MSE\"]}}"}
{"op_code": 5, "worker_id": "720a2675-62ca-4533-ba60-8d7415178f2e-140681770439872", "trial_id": 28, "param_name": "scheduler", "param_value_internal": 0, "distribution": "{\"name\": \"CategoricalDistribution\", \"attributes\": {\"choices\": [\"CyclicLR\"]}}"}
{"op_code": 6, "worker_id": "720a2675-62ca-4533-ba60-8d7415178f2e-140681770439872", "trial_id": 28, "state": 3, "values": null, "datetime_complete": "2024-06-15T08:19:52.540607"}
{"op_code": 0, "worker_id": "2348f566-d519-4018-bc81-83a63a100b4e-140279524021440", "study_name": "no-name-fc0be616-4d64-4bd8-9fa7-29ca6f28da1d", "directions": [1]}
{"op_code": 4, "worker_id": "2348f566-d519-4018-bc81-83a63a100b4e-140279524021440", "study_id": 29, "datetime_start": "2024-06-15T08:20:34.525534"}
{"op_code": 5, "worker_id": "2348f566-d519-4018-bc81-83a63a100b4e-140279524021440", "trial_id": 29, "param_name": "Loss function", "param_value_internal": 0, "distribution": "{\"name\": \"CategoricalDistribution\", \"attributes\": {\"choices\": [\"MSE\"]}}"}
{"op_code": 5, "worker_id": "2348f566-d519-4018-bc81-83a63a100b4e-140279524021440", "trial_id": 29, "param_name": "scheduler", "param_value_internal": 0, "distribution": "{\"name\": \"CategoricalDistribution\", \"attributes\": {\"choices\": [\"CyclicLR\"]}}"}
{"op_code": 6, "worker_id": "2348f566-d519-4018-bc81-83a63a100b4e-140279524021440", "trial_id": 29, "state": 3, "values": null, "datetime_complete": "2024-06-15T08:22:40.120854"}
{"op_code": 0, "worker_id": "6eb92960-9c41-4055-b40c-c7b9cce1d341-139912022160576", "study_name": "no-name-94bfb9ad-5afd-49c8-a1ec-c802834efc3d", "directions": [1]}
{"op_code": 4, "worker_id": "6eb92960-9c41-4055-b40c-c7b9cce1d341-139912022160576", "study_id": 30, "datetime_start": "2024-06-15T08:23:08.214279"}
{"op_code": 5, "worker_id": "6eb92960-9c41-4055-b40c-c7b9cce1d341-139912022160576", "trial_id": 30, "param_name": "Loss function", "param_value_internal": 0, "distribution": "{\"name\": \"CategoricalDistribution\", \"attributes\": {\"choices\": [\"MSE\"]}}"}
{"op_code": 5, "worker_id": "6eb92960-9c41-4055-b40c-c7b9cce1d341-139912022160576", "trial_id": 30, "param_name": "scheduler", "param_value_internal": 0, "distribution": "{\"name\": \"CategoricalDistribution\", \"attributes\": {\"choices\": [\"CyclicLR\"]}}"}
{"op_code": 6, "worker_id": "6eb92960-9c41-4055-b40c-c7b9cce1d341-139912022160576", "trial_id": 30, "state": 3, "values": null, "datetime_complete": "2024-06-15T11:29:30.441746"}
{"op_code": 0, "worker_id": "b1b7b9f0-9d67-4257-9cec-7e0365462b46-139767693653184", "study_name": "no-name-e735610f-d1f0-428c-8ebe-ac0d14958a54", "directions": [1]}
{"op_code": 4, "worker_id": "b1b7b9f0-9d67-4257-9cec-7e0365462b46-139767693653184", "study_id": 31, "datetime_start": "2024-06-15T11:37:29.325382"}
{"op_code": 5, "worker_id": "b1b7b9f0-9d67-4257-9cec-7e0365462b46-139767693653184", "trial_id": 31, "param_name": "Loss function", "param_value_internal": 0, "distribution": "{\"name\": \"CategoricalDistribution\", \"attributes\": {\"choices\": [\"MSE\"]}}"}
{"op_code": 5, "worker_id": "b1b7b9f0-9d67-4257-9cec-7e0365462b46-139767693653184", "trial_id": 31, "param_name": "scheduler", "param_value_internal": 0, "distribution": "{\"name\": \"CategoricalDistribution\", \"attributes\": {\"choices\": [\"CyclicLR\"]}}"}
{"op_code": 0, "worker_id": "2a9daad4-fd28-4a2b-adb4-faa376d24303-140613275501760", "study_name": "no-name-25036ead-e8c5-4a03-a7c7-51de7c593ab5", "directions": [1]}
{"op_code": 4, "worker_id": "2a9daad4-fd28-4a2b-adb4-faa376d24303-140613275501760", "study_id": 32, "datetime_start": "2024-06-16T03:41:05.033082"}
{"op_code": 5, "worker_id": "2a9daad4-fd28-4a2b-adb4-faa376d24303-140613275501760", "trial_id": 32, "param_name": "Loss function", "param_value_internal": 0, "distribution": "{\"name\": \"CategoricalDistribution\", \"attributes\": {\"choices\": [\"MSE\"]}}"}
{"op_code": 5, "worker_id": "2a9daad4-fd28-4a2b-adb4-faa376d24303-140613275501760", "trial_id": 32, "param_name": "scheduler", "param_value_internal": 0, "distribution": "{\"name\": \"CategoricalDistribution\", \"attributes\": {\"choices\": [\"CyclicLR\"]}}"}
{"op_code": 0, "worker_id": "3ad5e670-c71c-4cdf-b826-dd1f73e1116c-140033907930304", "study_name": "no-name-23205b48-6ae2-4e14-9016-df7a56e22c27", "directions": [1]}
{"op_code": 4, "worker_id": "3ad5e670-c71c-4cdf-b826-dd1f73e1116c-140033907930304", "study_id": 33, "datetime_start": "2024-06-16T16:08:46.920583"}
{"op_code": 5, "worker_id": "3ad5e670-c71c-4cdf-b826-dd1f73e1116c-140033907930304", "trial_id": 33, "param_name": "Loss function", "param_value_internal": 0, "distribution": "{\"name\": \"CategoricalDistribution\", \"attributes\": {\"choices\": [\"MSE\"]}}"}
{"op_code": 5, "worker_id": "3ad5e670-c71c-4cdf-b826-dd1f73e1116c-140033907930304", "trial_id": 33, "param_name": "scheduler", "param_value_internal": 0, "distribution": "{\"name\": \"CategoricalDistribution\", \"attributes\": {\"choices\": [\"CyclicLR\"]}}"}
{"op_code": 0, "worker_id": "929dfa78-6a52-41cc-ae16-49c74aad4420-140241775674560", "study_name": "no-name-d55d9170-cfb0-4646-a4c5-fbbf0d8a8e44", "directions": [1]}
{"op_code": 4, "worker_id": "929dfa78-6a52-41cc-ae16-49c74aad4420-140241775674560", "study_id": 34, "datetime_start": "2024-06-18T02:55:15.472933"}
{"op_code": 5, "worker_id": "929dfa78-6a52-41cc-ae16-49c74aad4420-140241775674560", "trial_id": 34, "param_name": "Loss function", "param_value_internal": 0, "distribution": "{\"name\": \"CategoricalDistribution\", \"attributes\": {\"choices\": [\"MSE\"]}}"}
{"op_code": 5, "worker_id": "929dfa78-6a52-41cc-ae16-49c74aad4420-140241775674560", "trial_id": 34, "param_name": "scheduler", "param_value_internal": 0, "distribution": "{\"name\": \"CategoricalDistribution\", \"attributes\": {\"choices\": [\"CyclicLR\"]}}"}
{"op_code": 6, "worker_id": "929dfa78-6a52-41cc-ae16-49c74aad4420-140241775674560", "trial_id": 34, "state": 3, "values": null, "datetime_complete": "2024-06-18T03:15:14.725969"}
{"op_code": 0, "worker_id": "c50da714-a95f-472e-a3ce-a7f428418783-140598317495488", "study_name": "no-name-5e8ef2b0-b4bc-4441-b68e-f86332640a08", "directions": [1]}
{"op_code": 4, "worker_id": "c50da714-a95f-472e-a3ce-a7f428418783-140598317495488", "study_id": 35, "datetime_start": "2024-06-18T04:04:14.065881"}
{"op_code": 5, "worker_id": "c50da714-a95f-472e-a3ce-a7f428418783-140598317495488", "trial_id": 35, "param_name": "Loss function", "param_value_internal": 0, "distribution": "{\"name\": \"CategoricalDistribution\", \"attributes\": {\"choices\": [\"MSE\"]}}"}
{"op_code": 5, "worker_id": "c50da714-a95f-472e-a3ce-a7f428418783-140598317495488", "trial_id": 35, "param_name": "scheduler", "param_value_internal": 0, "distribution": "{\"name\": \"CategoricalDistribution\", \"attributes\": {\"choices\": [\"CyclicLR\"]}}"}
{"op_code": 0, "worker_id": "a5223407-76ed-4d2a-86c6-c8e1dccca6c6-140297294345408", "study_name": "no-name-a3e6f79e-2b7c-414a-970a-f50299668c63", "directions": [1]}
{"op_code": 4, "worker_id": "a5223407-76ed-4d2a-86c6-c8e1dccca6c6-140297294345408", "study_id": 36, "datetime_start": "2024-06-18T15:55:39.195841"}
{"op_code": 5, "worker_id": "a5223407-76ed-4d2a-86c6-c8e1dccca6c6-140297294345408", "trial_id": 36, "param_name": "Loss function", "param_value_internal": 0, "distribution": "{\"name\": \"CategoricalDistribution\", \"attributes\": {\"choices\": [\"MSE\"]}}"}
{"op_code": 5, "worker_id": "a5223407-76ed-4d2a-86c6-c8e1dccca6c6-140297294345408", "trial_id": 36, "param_name": "scheduler", "param_value_internal": 0, "distribution": "{\"name\": \"CategoricalDistribution\", \"attributes\": {\"choices\": [\"CyclicLR\"]}}"}
{"op_code": 6, "worker_id": "a5223407-76ed-4d2a-86c6-c8e1dccca6c6-140297294345408", "trial_id": 36, "state": 3, "values": null, "datetime_complete": "2024-06-18T15:55:41.013125"}
{"op_code": 0, "worker_id": "ba3532f6-796a-430b-a856-f939237450d1-140086203966656", "study_name": "no-name-baf6a547-2094-48cc-b264-a121271c4eb8", "directions": [1]}
{"op_code": 4, "worker_id": "ba3532f6-796a-430b-a856-f939237450d1-140086203966656", "study_id": 37, "datetime_start": "2024-06-18T16:00:19.104202"}
{"op_code": 5, "worker_id": "ba3532f6-796a-430b-a856-f939237450d1-140086203966656", "trial_id": 37, "param_name": "Loss function", "param_value_internal": 0, "distribution": "{\"name\": \"CategoricalDistribution\", \"attributes\": {\"choices\": [\"MSE\"]}}"}
{"op_code": 5, "worker_id": "ba3532f6-796a-430b-a856-f939237450d1-140086203966656", "trial_id": 37, "param_name": "scheduler", "param_value_internal": 0, "distribution": "{\"name\": \"CategoricalDistribution\", \"attributes\": {\"choices\": [\"CyclicLR\"]}}"}
{"op_code": 6, "worker_id": "ba3532f6-796a-430b-a856-f939237450d1-140086203966656", "trial_id": 37, "state": 3, "values": null, "datetime_complete": "2024-06-18T16:00:20.677172"}
{"op_code": 0, "worker_id": "2b452ad2-6c1d-42de-af69-9e42881213a6-139992129569984", "study_name": "no-name-2b1c202d-f3e0-4633-af41-d78c88afd68f", "directions": [1]}
{"op_code": 4, "worker_id": "2b452ad2-6c1d-42de-af69-9e42881213a6-139992129569984", "study_id": 38, "datetime_start": "2024-06-18T16:02:43.914780"}
{"op_code": 5, "worker_id": "2b452ad2-6c1d-42de-af69-9e42881213a6-139992129569984", "trial_id": 38, "param_name": "Loss function", "param_value_internal": 0, "distribution": "{\"name\": \"CategoricalDistribution\", \"attributes\": {\"choices\": [\"MSE\"]}}"}
{"op_code": 5, "worker_id": "2b452ad2-6c1d-42de-af69-9e42881213a6-139992129569984", "trial_id": 38, "param_name": "scheduler", "param_value_internal": 0, "distribution": "{\"name\": \"CategoricalDistribution\", \"attributes\": {\"choices\": [\"CyclicLR\"]}}"}
{"op_code": 6, "worker_id": "2b452ad2-6c1d-42de-af69-9e42881213a6-139992129569984", "trial_id": 38, "state": 3, "values": null, "datetime_complete": "2024-06-18T16:02:45.493936"}
{"op_code": 0, "worker_id": "e14e9982-1f63-4720-87ba-ca8f889a4689-139720597275840", "study_name": "no-name-36936da8-3916-4cf3-aadb-3dbcc0b2601b", "directions": [1]}
{"op_code": 4, "worker_id": "e14e9982-1f63-4720-87ba-ca8f889a4689-139720597275840", "study_id": 39, "datetime_start": "2024-06-18T16:05:51.239854"}
{"op_code": 5, "worker_id": "e14e9982-1f63-4720-87ba-ca8f889a4689-139720597275840", "trial_id": 39, "param_name": "Loss function", "param_value_internal": 0, "distribution": "{\"name\": \"CategoricalDistribution\", \"attributes\": {\"choices\": [\"MSE\"]}}"}
{"op_code": 5, "worker_id": "e14e9982-1f63-4720-87ba-ca8f889a4689-139720597275840", "trial_id": 39, "param_name": "scheduler", "param_value_internal": 0, "distribution": "{\"name\": \"CategoricalDistribution\", \"attributes\": {\"choices\": [\"CyclicLR\"]}}"}
{"op_code": 6, "worker_id": "e14e9982-1f63-4720-87ba-ca8f889a4689-139720597275840", "trial_id": 39, "state": 3, "values": null, "datetime_complete": "2024-06-18T16:56:32.867489"}
{"op_code": 0, "worker_id": "81360b95-82c7-426d-a9a4-31251d8f7461-140436952757440", "study_name": "no-name-e54ecf8c-418f-4edd-8478-d4d9746571eb", "directions": [1]}
{"op_code": 4, "worker_id": "81360b95-82c7-426d-a9a4-31251d8f7461-140436952757440", "study_id": 40, "datetime_start": "2024-06-18T16:56:42.866300"}
{"op_code": 5, "worker_id": "81360b95-82c7-426d-a9a4-31251d8f7461-140436952757440", "trial_id": 40, "param_name": "Loss function", "param_value_internal": 0, "distribution": "{\"name\": \"CategoricalDistribution\", \"attributes\": {\"choices\": [\"MSE\"]}}"}
{"op_code": 5, "worker_id": "81360b95-82c7-426d-a9a4-31251d8f7461-140436952757440", "trial_id": 40, "param_name": "scheduler", "param_value_internal": 0, "distribution": "{\"name\": \"CategoricalDistribution\", \"attributes\": {\"choices\": [\"CyclicLR\"]}}"}
