{"op_code": 0, "worker_id": "297e400a-1587-4760-88ba-40896eb3d42c-139960671716544", "study_name": "no-name-609e5d72-f7ad-42ab-977c-6aa28a2b4fbc", "directions": [1]}
{"op_code": 4, "worker_id": "297e400a-1587-4760-88ba-40896eb3d42c-139960671716544", "study_id": 0, "datetime_start": "2024-05-29T15:07:14.145272"}
{"op_code": 5, "worker_id": "297e400a-1587-4760-88ba-40896eb3d42c-139960671716544", "trial_id": 0, "param_name": "heads", "param_value_internal": 4.0, "distribution": "{\"name\": \"IntDistribution\", \"attributes\": {\"log\": false, \"step\": 1, \"low\": 2, \"high\": 4}}"}
{"op_code": 5, "worker_id": "297e400a-1587-4760-88ba-40896eb3d42c-139960671716544", "trial_id": 0, "param_name": "neck", "param_value_internal": 595.0, "distribution": "{\"name\": \"IntDistribution\", \"attributes\": {\"log\": false, \"step\": 1, \"low\": 150, \"high\": 700}}"}
{"op_code": 5, "worker_id": "297e400a-1587-4760-88ba-40896eb3d42c-139960671716544", "trial_id": 0, "param_name": "dropout", "param_value_internal": 0.3593998013752977, "distribution": "{\"name\": \"FloatDistribution\", \"attributes\": {\"step\": null, \"low\": 0.0, \"high\": 0.4, \"log\": false}}"}
{"op_code": 5, "worker_id": "297e400a-1587-4760-88ba-40896eb3d42c-139960671716544", "trial_id": 0, "param_name": "Learning_rate", "param_value_internal": 0.09249874198456332, "distribution": "{\"name\": \"FloatDistribution\", \"attributes\": {\"step\": null, \"low\": 0.0001, \"high\": 0.1, \"log\": false}}"}
{"op_code": 5, "worker_id": "297e400a-1587-4760-88ba-40896eb3d42c-139960671716544", "trial_id": 0, "param_name": "scheduler", "param_value_internal": 0, "distribution": "{\"name\": \"CategoricalDistribution\", \"attributes\": {\"choices\": [\"CyclicLR\", \"ReduceLROnPlateau\"]}}"}
{"op_code": 5, "worker_id": "297e400a-1587-4760-88ba-40896eb3d42c-139960671716544", "trial_id": 0, "param_name": "step_size_up", "param_value_internal": 2040.0, "distribution": "{\"name\": \"IntDistribution\", \"attributes\": {\"log\": false, \"step\": 1, \"low\": 200, \"high\": 3400}}"}
{"op_code": 5, "worker_id": "297e400a-1587-4760-88ba-40896eb3d42c-139960671716544", "trial_id": 0, "param_name": "batch_size", "param_value_internal": 132.0, "distribution": "{\"name\": \"IntDistribution\", \"attributes\": {\"log\": false, \"step\": 1, \"low\": 20, \"high\": 200}}"}
{"op_code": 6, "worker_id": "297e400a-1587-4760-88ba-40896eb3d42c-139960671716544", "trial_id": 0, "state": 1, "values": [454860.46875], "datetime_complete": "2024-05-29T16:26:26.640702"}
{"op_code": 2, "worker_id": "297e400a-1587-4760-88ba-40896eb3d42c-139960671716544", "study_id": 0, "user_attr": {"previous_best_value": 454860.46875}}
{"op_code": 4, "worker_id": "297e400a-1587-4760-88ba-40896eb3d42c-139960671716544", "study_id": 0, "datetime_start": "2024-05-29T16:26:26.766346"}
{"op_code": 5, "worker_id": "297e400a-1587-4760-88ba-40896eb3d42c-139960671716544", "trial_id": 1, "param_name": "heads", "param_value_internal": 2.0, "distribution": "{\"name\": \"IntDistribution\", \"attributes\": {\"log\": false, \"step\": 1, \"low\": 2, \"high\": 4}}"}
{"op_code": 5, "worker_id": "297e400a-1587-4760-88ba-40896eb3d42c-139960671716544", "trial_id": 1, "param_name": "neck", "param_value_internal": 336.0, "distribution": "{\"name\": \"IntDistribution\", \"attributes\": {\"log\": false, \"step\": 1, \"low\": 150, \"high\": 700}}"}
{"op_code": 5, "worker_id": "297e400a-1587-4760-88ba-40896eb3d42c-139960671716544", "trial_id": 1, "param_name": "dropout", "param_value_internal": 0.2292829399739957, "distribution": "{\"name\": \"FloatDistribution\", \"attributes\": {\"step\": null, \"low\": 0.0, \"high\": 0.4, \"log\": false}}"}
{"op_code": 5, "worker_id": "297e400a-1587-4760-88ba-40896eb3d42c-139960671716544", "trial_id": 1, "param_name": "Learning_rate", "param_value_internal": 0.04009048114529076, "distribution": "{\"name\": \"FloatDistribution\", \"attributes\": {\"step\": null, \"low\": 0.0001, \"high\": 0.1, \"log\": false}}"}
{"op_code": 5, "worker_id": "297e400a-1587-4760-88ba-40896eb3d42c-139960671716544", "trial_id": 1, "param_name": "scheduler", "param_value_internal": 0, "distribution": "{\"name\": \"CategoricalDistribution\", \"attributes\": {\"choices\": [\"CyclicLR\", \"ReduceLROnPlateau\"]}}"}
{"op_code": 5, "worker_id": "297e400a-1587-4760-88ba-40896eb3d42c-139960671716544", "trial_id": 1, "param_name": "step_size_up", "param_value_internal": 825.0, "distribution": "{\"name\": \"IntDistribution\", \"attributes\": {\"log\": false, \"step\": 1, \"low\": 200, \"high\": 3400}}"}
{"op_code": 5, "worker_id": "297e400a-1587-4760-88ba-40896eb3d42c-139960671716544", "trial_id": 1, "param_name": "batch_size", "param_value_internal": 122.0, "distribution": "{\"name\": \"IntDistribution\", \"attributes\": {\"log\": false, \"step\": 1, \"low\": 20, \"high\": 200}}"}
{"op_code": 6, "worker_id": "297e400a-1587-4760-88ba-40896eb3d42c-139960671716544", "trial_id": 1, "state": 1, "values": [320754.25], "datetime_complete": "2024-05-29T17:39:23.401884"}
{"op_code": 2, "worker_id": "297e400a-1587-4760-88ba-40896eb3d42c-139960671716544", "study_id": 0, "user_attr": {"previous_best_value": 320754.25}}
{"op_code": 4, "worker_id": "297e400a-1587-4760-88ba-40896eb3d42c-139960671716544", "study_id": 0, "datetime_start": "2024-05-29T17:39:23.545906"}
{"op_code": 5, "worker_id": "297e400a-1587-4760-88ba-40896eb3d42c-139960671716544", "trial_id": 2, "param_name": "heads", "param_value_internal": 3.0, "distribution": "{\"name\": \"IntDistribution\", \"attributes\": {\"log\": false, \"step\": 1, \"low\": 2, \"high\": 4}}"}
{"op_code": 5, "worker_id": "297e400a-1587-4760-88ba-40896eb3d42c-139960671716544", "trial_id": 2, "param_name": "neck", "param_value_internal": 359.0, "distribution": "{\"name\": \"IntDistribution\", \"attributes\": {\"log\": false, \"step\": 1, \"low\": 150, \"high\": 700}}"}
{"op_code": 5, "worker_id": "297e400a-1587-4760-88ba-40896eb3d42c-139960671716544", "trial_id": 2, "param_name": "dropout", "param_value_internal": 0.037907043764712614, "distribution": "{\"name\": \"FloatDistribution\", \"attributes\": {\"step\": null, \"low\": 0.0, \"high\": 0.4, \"log\": false}}"}
{"op_code": 5, "worker_id": "297e400a-1587-4760-88ba-40896eb3d42c-139960671716544", "trial_id": 2, "param_name": "Learning_rate", "param_value_internal": 0.06729618228810513, "distribution": "{\"name\": \"FloatDistribution\", \"attributes\": {\"step\": null, \"low\": 0.0001, \"high\": 0.1, \"log\": false}}"}
{"op_code": 5, "worker_id": "297e400a-1587-4760-88ba-40896eb3d42c-139960671716544", "trial_id": 2, "param_name": "scheduler", "param_value_internal": 1, "distribution": "{\"name\": \"CategoricalDistribution\", \"attributes\": {\"choices\": [\"CyclicLR\", \"ReduceLROnPlateau\"]}}"}
{"op_code": 5, "worker_id": "297e400a-1587-4760-88ba-40896eb3d42c-139960671716544", "trial_id": 2, "param_name": "batch_size", "param_value_internal": 181.0, "distribution": "{\"name\": \"IntDistribution\", \"attributes\": {\"log\": false, \"step\": 1, \"low\": 20, \"high\": 200}}"}
{"op_code": 6, "worker_id": "297e400a-1587-4760-88ba-40896eb3d42c-139960671716544", "trial_id": 2, "state": 1, "values": [3374.96923828125], "datetime_complete": "2024-05-29T19:25:45.516448"}
{"op_code": 2, "worker_id": "297e400a-1587-4760-88ba-40896eb3d42c-139960671716544", "study_id": 0, "user_attr": {"previous_best_value": 3374.96923828125}}
{"op_code": 4, "worker_id": "297e400a-1587-4760-88ba-40896eb3d42c-139960671716544", "study_id": 0, "datetime_start": "2024-05-29T19:25:45.641395"}
{"op_code": 5, "worker_id": "297e400a-1587-4760-88ba-40896eb3d42c-139960671716544", "trial_id": 3, "param_name": "heads", "param_value_internal": 2.0, "distribution": "{\"name\": \"IntDistribution\", \"attributes\": {\"log\": false, \"step\": 1, \"low\": 2, \"high\": 4}}"}
{"op_code": 5, "worker_id": "297e400a-1587-4760-88ba-40896eb3d42c-139960671716544", "trial_id": 3, "param_name": "neck", "param_value_internal": 201.0, "distribution": "{\"name\": \"IntDistribution\", \"attributes\": {\"log\": false, \"step\": 1, \"low\": 150, \"high\": 700}}"}
{"op_code": 5, "worker_id": "297e400a-1587-4760-88ba-40896eb3d42c-139960671716544", "trial_id": 3, "param_name": "dropout", "param_value_internal": 0.25815147147074113, "distribution": "{\"name\": \"FloatDistribution\", \"attributes\": {\"step\": null, \"low\": 0.0, \"high\": 0.4, \"log\": false}}"}
{"op_code": 5, "worker_id": "297e400a-1587-4760-88ba-40896eb3d42c-139960671716544", "trial_id": 3, "param_name": "Learning_rate", "param_value_internal": 0.09202601243390998, "distribution": "{\"name\": \"FloatDistribution\", \"attributes\": {\"step\": null, \"low\": 0.0001, \"high\": 0.1, \"log\": false}}"}
{"op_code": 5, "worker_id": "297e400a-1587-4760-88ba-40896eb3d42c-139960671716544", "trial_id": 3, "param_name": "scheduler", "param_value_internal": 0, "distribution": "{\"name\": \"CategoricalDistribution\", \"attributes\": {\"choices\": [\"CyclicLR\", \"ReduceLROnPlateau\"]}}"}
{"op_code": 5, "worker_id": "297e400a-1587-4760-88ba-40896eb3d42c-139960671716544", "trial_id": 3, "param_name": "step_size_up", "param_value_internal": 904.0, "distribution": "{\"name\": \"IntDistribution\", \"attributes\": {\"log\": false, \"step\": 1, \"low\": 200, \"high\": 3400}}"}
{"op_code": 5, "worker_id": "297e400a-1587-4760-88ba-40896eb3d42c-139960671716544", "trial_id": 3, "param_name": "batch_size", "param_value_internal": 48.0, "distribution": "{\"name\": \"IntDistribution\", \"attributes\": {\"log\": false, \"step\": 1, \"low\": 20, \"high\": 200}}"}
{"op_code": 6, "worker_id": "297e400a-1587-4760-88ba-40896eb3d42c-139960671716544", "trial_id": 3, "state": 1, "values": [0.17229636013507843], "datetime_complete": "2024-05-29T19:57:01.646994"}
{"op_code": 2, "worker_id": "297e400a-1587-4760-88ba-40896eb3d42c-139960671716544", "study_id": 0, "user_attr": {"previous_best_value": 0.17229636013507843}}
{"op_code": 4, "worker_id": "297e400a-1587-4760-88ba-40896eb3d42c-139960671716544", "study_id": 0, "datetime_start": "2024-05-29T19:57:01.791202"}
{"op_code": 5, "worker_id": "297e400a-1587-4760-88ba-40896eb3d42c-139960671716544", "trial_id": 4, "param_name": "heads", "param_value_internal": 4.0, "distribution": "{\"name\": \"IntDistribution\", \"attributes\": {\"log\": false, \"step\": 1, \"low\": 2, \"high\": 4}}"}
{"op_code": 5, "worker_id": "297e400a-1587-4760-88ba-40896eb3d42c-139960671716544", "trial_id": 4, "param_name": "neck", "param_value_internal": 628.0, "distribution": "{\"name\": \"IntDistribution\", \"attributes\": {\"log\": false, \"step\": 1, \"low\": 150, \"high\": 700}}"}
{"op_code": 5, "worker_id": "297e400a-1587-4760-88ba-40896eb3d42c-139960671716544", "trial_id": 4, "param_name": "dropout", "param_value_internal": 0.3000505295074465, "distribution": "{\"name\": \"FloatDistribution\", \"attributes\": {\"step\": null, \"low\": 0.0, \"high\": 0.4, \"log\": false}}"}
{"op_code": 5, "worker_id": "297e400a-1587-4760-88ba-40896eb3d42c-139960671716544", "trial_id": 4, "param_name": "Learning_rate", "param_value_internal": 0.0327866539804967, "distribution": "{\"name\": \"FloatDistribution\", \"attributes\": {\"step\": null, \"low\": 0.0001, \"high\": 0.1, \"log\": false}}"}
{"op_code": 5, "worker_id": "297e400a-1587-4760-88ba-40896eb3d42c-139960671716544", "trial_id": 4, "param_name": "scheduler", "param_value_internal": 1, "distribution": "{\"name\": \"CategoricalDistribution\", \"attributes\": {\"choices\": [\"CyclicLR\", \"ReduceLROnPlateau\"]}}"}
{"op_code": 5, "worker_id": "297e400a-1587-4760-88ba-40896eb3d42c-139960671716544", "trial_id": 4, "param_name": "batch_size", "param_value_internal": 31.0, "distribution": "{\"name\": \"IntDistribution\", \"attributes\": {\"log\": false, \"step\": 1, \"low\": 20, \"high\": 200}}"}
{"op_code": 6, "worker_id": "297e400a-1587-4760-88ba-40896eb3d42c-139960671716544", "trial_id": 4, "state": 1, "values": [10533.68359375], "datetime_complete": "2024-05-29T20:19:09.676963"}
{"op_code": 0, "worker_id": "18374fd6-811c-4083-a483-7ae65e81a882-139960671716544", "study_name": "no-name-475c0748-377c-45b5-9b94-7c75edab8f7e", "directions": [1]}
{"op_code": 4, "worker_id": "18374fd6-811c-4083-a483-7ae65e81a882-139960671716544", "study_id": 1, "datetime_start": "2024-05-30T03:36:04.729182"}
{"op_code": 5, "worker_id": "18374fd6-811c-4083-a483-7ae65e81a882-139960671716544", "trial_id": 5, "param_name": "heads", "param_value_internal": 2.0, "distribution": "{\"name\": \"IntDistribution\", \"attributes\": {\"log\": false, \"step\": 1, \"low\": 2, \"high\": 4}}"}
{"op_code": 5, "worker_id": "18374fd6-811c-4083-a483-7ae65e81a882-139960671716544", "trial_id": 5, "param_name": "neck", "param_value_internal": 427.0, "distribution": "{\"name\": \"IntDistribution\", \"attributes\": {\"log\": false, \"step\": 1, \"low\": 150, \"high\": 700}}"}
{"op_code": 5, "worker_id": "18374fd6-811c-4083-a483-7ae65e81a882-139960671716544", "trial_id": 5, "param_name": "dropout", "param_value_internal": 0.1952376642450393, "distribution": "{\"name\": \"FloatDistribution\", \"attributes\": {\"step\": null, \"low\": 0.0, \"high\": 0.4, \"log\": false}}"}
{"op_code": 5, "worker_id": "18374fd6-811c-4083-a483-7ae65e81a882-139960671716544", "trial_id": 5, "param_name": "Learning_rate", "param_value_internal": 0.03427591576900031, "distribution": "{\"name\": \"FloatDistribution\", \"attributes\": {\"step\": null, \"low\": 0.0001, \"high\": 0.1, \"log\": false}}"}
{"op_code": 5, "worker_id": "18374fd6-811c-4083-a483-7ae65e81a882-139960671716544", "trial_id": 5, "param_name": "scheduler", "param_value_internal": 1, "distribution": "{\"name\": \"CategoricalDistribution\", \"attributes\": {\"choices\": [\"CyclicLR\", \"ReduceLROnPlateau\"]}}"}
{"op_code": 5, "worker_id": "18374fd6-811c-4083-a483-7ae65e81a882-139960671716544", "trial_id": 5, "param_name": "batch_size", "param_value_internal": 89.0, "distribution": "{\"name\": \"IntDistribution\", \"attributes\": {\"log\": false, \"step\": 1, \"low\": 20, \"high\": 200}}"}
{"op_code": 0, "worker_id": "9fc591e3-c79e-43a2-994c-d7ada7bfdc53-139723742094528", "study_name": "no-name-3a133c1a-a20c-456f-904c-ebc96634ad7d", "directions": [1]}
{"op_code": 4, "worker_id": "9fc591e3-c79e-43a2-994c-d7ada7bfdc53-139723742094528", "study_id": 2, "datetime_start": "2024-05-31T12:31:31.748663"}
{"op_code": 5, "worker_id": "9fc591e3-c79e-43a2-994c-d7ada7bfdc53-139723742094528", "trial_id": 6, "param_name": "heads", "param_value_internal": 3.0, "distribution": "{\"name\": \"IntDistribution\", \"attributes\": {\"log\": false, \"step\": 1, \"low\": 3, \"high\": 4}}"}
{"op_code": 5, "worker_id": "9fc591e3-c79e-43a2-994c-d7ada7bfdc53-139723742094528", "trial_id": 6, "param_name": "neck", "param_value_internal": 671.0, "distribution": "{\"name\": \"IntDistribution\", \"attributes\": {\"log\": false, \"step\": 1, \"low\": 400, \"high\": 700}}"}
{"op_code": 5, "worker_id": "9fc591e3-c79e-43a2-994c-d7ada7bfdc53-139723742094528", "trial_id": 6, "param_name": "dropout", "param_value_internal": 0.07368838248330072, "distribution": "{\"name\": \"FloatDistribution\", \"attributes\": {\"step\": null, \"low\": 0.0, \"high\": 0.2, \"log\": false}}"}
{"op_code": 5, "worker_id": "9fc591e3-c79e-43a2-994c-d7ada7bfdc53-139723742094528", "trial_id": 6, "param_name": "Learning_rate", "param_value_internal": 0.065639525865769, "distribution": "{\"name\": \"FloatDistribution\", \"attributes\": {\"step\": null, \"low\": 0.0001, \"high\": 0.1, \"log\": false}}"}
{"op_code": 5, "worker_id": "9fc591e3-c79e-43a2-994c-d7ada7bfdc53-139723742094528", "trial_id": 6, "param_name": "scheduler", "param_value_internal": 1, "distribution": "{\"name\": \"CategoricalDistribution\", \"attributes\": {\"choices\": [\"CyclicLR\", \"ReduceLROnPlateau\"]}}"}
{"op_code": 5, "worker_id": "9fc591e3-c79e-43a2-994c-d7ada7bfdc53-139723742094528", "trial_id": 6, "param_name": "batch_size", "param_value_internal": 62.0, "distribution": "{\"name\": \"IntDistribution\", \"attributes\": {\"log\": false, \"step\": 1, \"low\": 20, \"high\": 200}}"}
{"op_code": 1, "worker_id": "9baa04fb-08b8-4751-87a9-0ce37b9cfc47-140091149219584", "study_id": 1}
{"op_code": 6, "worker_id": "9fc591e3-c79e-43a2-994c-d7ada7bfdc53-139723742094528", "trial_id": 6, "state": 3, "values": null, "datetime_complete": "2024-06-05T18:21:03.332677"}
