{"op_code": 0, "worker_id": "b8bd35e1-ea22-47c4-9cba-d05b82313a42-140652845290560", "study_name": "no-name-46f1676d-e063-44b8-86ca-f756019f8cac", "directions": [1]}
{"op_code": 4, "worker_id": "b8bd35e1-ea22-47c4-9cba-d05b82313a42-140652845290560", "study_id": 0, "datetime_start": "2024-05-29T14:54:12.037813"}
{"op_code": 5, "worker_id": "b8bd35e1-ea22-47c4-9cba-d05b82313a42-140652845290560", "trial_id": 0, "param_name": "heads", "param_value_internal": 3.0, "distribution": "{\"name\": \"IntDistribution\", \"attributes\": {\"log\": false, \"step\": 1, \"low\": 2, \"high\": 4}}"}
{"op_code": 5, "worker_id": "b8bd35e1-ea22-47c4-9cba-d05b82313a42-140652845290560", "trial_id": 0, "param_name": "neck", "param_value_internal": 204.0, "distribution": "{\"name\": \"IntDistribution\", \"attributes\": {\"log\": false, \"step\": 1, \"low\": 150, \"high\": 700}}"}
{"op_code": 5, "worker_id": "b8bd35e1-ea22-47c4-9cba-d05b82313a42-140652845290560", "trial_id": 0, "param_name": "dropout", "param_value_internal": 0.09674575302572008, "distribution": "{\"name\": \"FloatDistribution\", \"attributes\": {\"step\": null, \"low\": 0.0, \"high\": 0.4, \"log\": false}}"}
{"op_code": 5, "worker_id": "b8bd35e1-ea22-47c4-9cba-d05b82313a42-140652845290560", "trial_id": 0, "param_name": "Learning_rate", "param_value_internal": 0.025159162364127366, "distribution": "{\"name\": \"FloatDistribution\", \"attributes\": {\"step\": null, \"low\": 0.0001, \"high\": 0.1, \"log\": false}}"}
{"op_code": 5, "worker_id": "b8bd35e1-ea22-47c4-9cba-d05b82313a42-140652845290560", "trial_id": 0, "param_name": "scheduler", "param_value_internal": 0, "distribution": "{\"name\": \"CategoricalDistribution\", \"attributes\": {\"choices\": [\"CyclicLR\", \"ReduceLROnPlateau\"]}}"}
{"op_code": 5, "worker_id": "b8bd35e1-ea22-47c4-9cba-d05b82313a42-140652845290560", "trial_id": 0, "param_name": "step_size_up", "param_value_internal": 2046.0, "distribution": "{\"name\": \"IntDistribution\", \"attributes\": {\"log\": false, \"step\": 1, \"low\": 200, \"high\": 3400}}"}
{"op_code": 5, "worker_id": "b8bd35e1-ea22-47c4-9cba-d05b82313a42-140652845290560", "trial_id": 0, "param_name": "batch_size", "param_value_internal": 178.0, "distribution": "{\"name\": \"IntDistribution\", \"attributes\": {\"log\": false, \"step\": 1, \"low\": 20, \"high\": 200}}"}
{"op_code": 0, "worker_id": "c0b94519-89cb-4b43-963b-141345c3d97d-139791606400064", "study_name": "no-name-f9b50c9c-0ea8-4705-ab5a-692a03debe3f", "directions": [1]}
{"op_code": 4, "worker_id": "c0b94519-89cb-4b43-963b-141345c3d97d-139791606400064", "study_id": 1, "datetime_start": "2024-05-29T15:02:22.432348"}
{"op_code": 5, "worker_id": "c0b94519-89cb-4b43-963b-141345c3d97d-139791606400064", "trial_id": 1, "param_name": "heads", "param_value_internal": 4.0, "distribution": "{\"name\": \"IntDistribution\", \"attributes\": {\"log\": false, \"step\": 1, \"low\": 2, \"high\": 4}}"}
{"op_code": 5, "worker_id": "c0b94519-89cb-4b43-963b-141345c3d97d-139791606400064", "trial_id": 1, "param_name": "neck", "param_value_internal": 592.0, "distribution": "{\"name\": \"IntDistribution\", \"attributes\": {\"log\": false, \"step\": 1, \"low\": 150, \"high\": 700}}"}
{"op_code": 5, "worker_id": "c0b94519-89cb-4b43-963b-141345c3d97d-139791606400064", "trial_id": 1, "param_name": "dropout", "param_value_internal": 0.32389026892153877, "distribution": "{\"name\": \"FloatDistribution\", \"attributes\": {\"step\": null, \"low\": 0.0, \"high\": 0.4, \"log\": false}}"}
{"op_code": 5, "worker_id": "c0b94519-89cb-4b43-963b-141345c3d97d-139791606400064", "trial_id": 1, "param_name": "Learning_rate", "param_value_internal": 0.09311435928319904, "distribution": "{\"name\": \"FloatDistribution\", \"attributes\": {\"step\": null, \"low\": 0.0001, \"high\": 0.1, \"log\": false}}"}
{"op_code": 5, "worker_id": "c0b94519-89cb-4b43-963b-141345c3d97d-139791606400064", "trial_id": 1, "param_name": "scheduler", "param_value_internal": 0, "distribution": "{\"name\": \"CategoricalDistribution\", \"attributes\": {\"choices\": [\"CyclicLR\", \"ReduceLROnPlateau\"]}}"}
{"op_code": 5, "worker_id": "c0b94519-89cb-4b43-963b-141345c3d97d-139791606400064", "trial_id": 1, "param_name": "step_size_up", "param_value_internal": 1986.0, "distribution": "{\"name\": \"IntDistribution\", \"attributes\": {\"log\": false, \"step\": 1, \"low\": 200, \"high\": 3400}}"}
{"op_code": 5, "worker_id": "c0b94519-89cb-4b43-963b-141345c3d97d-139791606400064", "trial_id": 1, "param_name": "batch_size", "param_value_internal": 104.0, "distribution": "{\"name\": \"IntDistribution\", \"attributes\": {\"log\": false, \"step\": 1, \"low\": 20, \"high\": 200}}"}
{"op_code": 6, "worker_id": "c0b94519-89cb-4b43-963b-141345c3d97d-139791606400064", "trial_id": 1, "state": 1, "values": [3.518202066421509], "datetime_complete": "2024-05-29T15:50:59.937296"}
{"op_code": 2, "worker_id": "c0b94519-89cb-4b43-963b-141345c3d97d-139791606400064", "study_id": 1, "user_attr": {"previous_best_value": 3.518202066421509}}
{"op_code": 4, "worker_id": "c0b94519-89cb-4b43-963b-141345c3d97d-139791606400064", "study_id": 1, "datetime_start": "2024-05-29T15:51:00.114667"}
{"op_code": 5, "worker_id": "c0b94519-89cb-4b43-963b-141345c3d97d-139791606400064", "trial_id": 2, "param_name": "heads", "param_value_internal": 2.0, "distribution": "{\"name\": \"IntDistribution\", \"attributes\": {\"log\": false, \"step\": 1, \"low\": 2, \"high\": 4}}"}
{"op_code": 5, "worker_id": "c0b94519-89cb-4b43-963b-141345c3d97d-139791606400064", "trial_id": 2, "param_name": "neck", "param_value_internal": 444.0, "distribution": "{\"name\": \"IntDistribution\", \"attributes\": {\"log\": false, \"step\": 1, \"low\": 150, \"high\": 700}}"}
{"op_code": 5, "worker_id": "c0b94519-89cb-4b43-963b-141345c3d97d-139791606400064", "trial_id": 2, "param_name": "dropout", "param_value_internal": 0.39339836263621514, "distribution": "{\"name\": \"FloatDistribution\", \"attributes\": {\"step\": null, \"low\": 0.0, \"high\": 0.4, \"log\": false}}"}
{"op_code": 5, "worker_id": "c0b94519-89cb-4b43-963b-141345c3d97d-139791606400064", "trial_id": 2, "param_name": "Learning_rate", "param_value_internal": 0.05645565664843946, "distribution": "{\"name\": \"FloatDistribution\", \"attributes\": {\"step\": null, \"low\": 0.0001, \"high\": 0.1, \"log\": false}}"}
{"op_code": 5, "worker_id": "c0b94519-89cb-4b43-963b-141345c3d97d-139791606400064", "trial_id": 2, "param_name": "scheduler", "param_value_internal": 1, "distribution": "{\"name\": \"CategoricalDistribution\", \"attributes\": {\"choices\": [\"CyclicLR\", \"ReduceLROnPlateau\"]}}"}
{"op_code": 5, "worker_id": "c0b94519-89cb-4b43-963b-141345c3d97d-139791606400064", "trial_id": 2, "param_name": "batch_size", "param_value_internal": 143.0, "distribution": "{\"name\": \"IntDistribution\", \"attributes\": {\"log\": false, \"step\": 1, \"low\": 20, \"high\": 200}}"}
{"op_code": 6, "worker_id": "c0b94519-89cb-4b43-963b-141345c3d97d-139791606400064", "trial_id": 2, "state": 1, "values": [11011.865234375], "datetime_complete": "2024-05-29T16:58:44.861859"}
{"op_code": 4, "worker_id": "c0b94519-89cb-4b43-963b-141345c3d97d-139791606400064", "study_id": 1, "datetime_start": "2024-05-29T16:58:45.279824"}
{"op_code": 5, "worker_id": "c0b94519-89cb-4b43-963b-141345c3d97d-139791606400064", "trial_id": 3, "param_name": "heads", "param_value_internal": 4.0, "distribution": "{\"name\": \"IntDistribution\", \"attributes\": {\"log\": false, \"step\": 1, \"low\": 2, \"high\": 4}}"}
{"op_code": 5, "worker_id": "c0b94519-89cb-4b43-963b-141345c3d97d-139791606400064", "trial_id": 3, "param_name": "neck", "param_value_internal": 441.0, "distribution": "{\"name\": \"IntDistribution\", \"attributes\": {\"log\": false, \"step\": 1, \"low\": 150, \"high\": 700}}"}
{"op_code": 5, "worker_id": "c0b94519-89cb-4b43-963b-141345c3d97d-139791606400064", "trial_id": 3, "param_name": "dropout", "param_value_internal": 0.3111339511318894, "distribution": "{\"name\": \"FloatDistribution\", \"attributes\": {\"step\": null, \"low\": 0.0, \"high\": 0.4, \"log\": false}}"}
{"op_code": 5, "worker_id": "c0b94519-89cb-4b43-963b-141345c3d97d-139791606400064", "trial_id": 3, "param_name": "Learning_rate", "param_value_internal": 0.0012368834731287192, "distribution": "{\"name\": \"FloatDistribution\", \"attributes\": {\"step\": null, \"low\": 0.0001, \"high\": 0.1, \"log\": false}}"}
{"op_code": 5, "worker_id": "c0b94519-89cb-4b43-963b-141345c3d97d-139791606400064", "trial_id": 3, "param_name": "scheduler", "param_value_internal": 0, "distribution": "{\"name\": \"CategoricalDistribution\", \"attributes\": {\"choices\": [\"CyclicLR\", \"ReduceLROnPlateau\"]}}"}
{"op_code": 5, "worker_id": "c0b94519-89cb-4b43-963b-141345c3d97d-139791606400064", "trial_id": 3, "param_name": "step_size_up", "param_value_internal": 3171.0, "distribution": "{\"name\": \"IntDistribution\", \"attributes\": {\"log\": false, \"step\": 1, \"low\": 200, \"high\": 3400}}"}
{"op_code": 5, "worker_id": "c0b94519-89cb-4b43-963b-141345c3d97d-139791606400064", "trial_id": 3, "param_name": "batch_size", "param_value_internal": 127.0, "distribution": "{\"name\": \"IntDistribution\", \"attributes\": {\"log\": false, \"step\": 1, \"low\": 20, \"high\": 200}}"}
{"op_code": 0, "worker_id": "3427eebf-7042-4f8d-b78b-d5b197ed42c4-139625086833728", "study_name": "no-name-977f9e7d-674a-4c51-bb7d-1c0b9041b75f", "directions": [1]}
{"op_code": 4, "worker_id": "3427eebf-7042-4f8d-b78b-d5b197ed42c4-139625086833728", "study_id": 2, "datetime_start": "2024-05-29T17:54:21.819427"}
{"op_code": 5, "worker_id": "3427eebf-7042-4f8d-b78b-d5b197ed42c4-139625086833728", "trial_id": 4, "param_name": "heads", "param_value_internal": 4.0, "distribution": "{\"name\": \"IntDistribution\", \"attributes\": {\"log\": false, \"step\": 1, \"low\": 2, \"high\": 4}}"}
{"op_code": 5, "worker_id": "3427eebf-7042-4f8d-b78b-d5b197ed42c4-139625086833728", "trial_id": 4, "param_name": "neck", "param_value_internal": 333.0, "distribution": "{\"name\": \"IntDistribution\", \"attributes\": {\"log\": false, \"step\": 1, \"low\": 150, \"high\": 700}}"}
{"op_code": 5, "worker_id": "3427eebf-7042-4f8d-b78b-d5b197ed42c4-139625086833728", "trial_id": 4, "param_name": "dropout", "param_value_internal": 0.31575525191524423, "distribution": "{\"name\": \"FloatDistribution\", \"attributes\": {\"step\": null, \"low\": 0.0, \"high\": 0.4, \"log\": false}}"}
{"op_code": 5, "worker_id": "3427eebf-7042-4f8d-b78b-d5b197ed42c4-139625086833728", "trial_id": 4, "param_name": "Learning_rate", "param_value_internal": 0.05173612046731316, "distribution": "{\"name\": \"FloatDistribution\", \"attributes\": {\"step\": null, \"low\": 0.0001, \"high\": 0.1, \"log\": false}}"}
{"op_code": 5, "worker_id": "3427eebf-7042-4f8d-b78b-d5b197ed42c4-139625086833728", "trial_id": 4, "param_name": "scheduler", "param_value_internal": 0, "distribution": "{\"name\": \"CategoricalDistribution\", \"attributes\": {\"choices\": [\"CyclicLR\", \"ReduceLROnPlateau\"]}}"}
{"op_code": 5, "worker_id": "3427eebf-7042-4f8d-b78b-d5b197ed42c4-139625086833728", "trial_id": 4, "param_name": "step_size_up", "param_value_internal": 298.0, "distribution": "{\"name\": \"IntDistribution\", \"attributes\": {\"log\": false, \"step\": 1, \"low\": 200, \"high\": 3400}}"}
{"op_code": 5, "worker_id": "3427eebf-7042-4f8d-b78b-d5b197ed42c4-139625086833728", "trial_id": 4, "param_name": "batch_size", "param_value_internal": 23.0, "distribution": "{\"name\": \"IntDistribution\", \"attributes\": {\"log\": false, \"step\": 1, \"low\": 20, \"high\": 200}}"}
{"op_code": 6, "worker_id": "3427eebf-7042-4f8d-b78b-d5b197ed42c4-139625086833728", "trial_id": 4, "state": 1, "values": [36.93113327026367], "datetime_complete": "2024-05-29T18:08:40.099806"}
{"op_code": 2, "worker_id": "3427eebf-7042-4f8d-b78b-d5b197ed42c4-139625086833728", "study_id": 2, "user_attr": {"previous_best_value": 36.93113327026367}}
{"op_code": 4, "worker_id": "3427eebf-7042-4f8d-b78b-d5b197ed42c4-139625086833728", "study_id": 2, "datetime_start": "2024-05-29T18:08:40.248664"}
{"op_code": 5, "worker_id": "3427eebf-7042-4f8d-b78b-d5b197ed42c4-139625086833728", "trial_id": 5, "param_name": "heads", "param_value_internal": 3.0, "distribution": "{\"name\": \"IntDistribution\", \"attributes\": {\"log\": false, \"step\": 1, \"low\": 2, \"high\": 4}}"}
{"op_code": 5, "worker_id": "3427eebf-7042-4f8d-b78b-d5b197ed42c4-139625086833728", "trial_id": 5, "param_name": "neck", "param_value_internal": 399.0, "distribution": "{\"name\": \"IntDistribution\", \"attributes\": {\"log\": false, \"step\": 1, \"low\": 150, \"high\": 700}}"}
{"op_code": 5, "worker_id": "3427eebf-7042-4f8d-b78b-d5b197ed42c4-139625086833728", "trial_id": 5, "param_name": "dropout", "param_value_internal": 0.06921787838496955, "distribution": "{\"name\": \"FloatDistribution\", \"attributes\": {\"step\": null, \"low\": 0.0, \"high\": 0.4, \"log\": false}}"}
{"op_code": 5, "worker_id": "3427eebf-7042-4f8d-b78b-d5b197ed42c4-139625086833728", "trial_id": 5, "param_name": "Learning_rate", "param_value_internal": 0.07230203161348406, "distribution": "{\"name\": \"FloatDistribution\", \"attributes\": {\"step\": null, \"low\": 0.0001, \"high\": 0.1, \"log\": false}}"}
{"op_code": 5, "worker_id": "3427eebf-7042-4f8d-b78b-d5b197ed42c4-139625086833728", "trial_id": 5, "param_name": "scheduler", "param_value_internal": 0, "distribution": "{\"name\": \"CategoricalDistribution\", \"attributes\": {\"choices\": [\"CyclicLR\", \"ReduceLROnPlateau\"]}}"}
{"op_code": 5, "worker_id": "3427eebf-7042-4f8d-b78b-d5b197ed42c4-139625086833728", "trial_id": 5, "param_name": "step_size_up", "param_value_internal": 2972.0, "distribution": "{\"name\": \"IntDistribution\", \"attributes\": {\"log\": false, \"step\": 1, \"low\": 200, \"high\": 3400}}"}
{"op_code": 5, "worker_id": "3427eebf-7042-4f8d-b78b-d5b197ed42c4-139625086833728", "trial_id": 5, "param_name": "batch_size", "param_value_internal": 176.0, "distribution": "{\"name\": \"IntDistribution\", \"attributes\": {\"log\": false, \"step\": 1, \"low\": 20, \"high\": 200}}"}
{"op_code": 6, "worker_id": "3427eebf-7042-4f8d-b78b-d5b197ed42c4-139625086833728", "trial_id": 5, "state": 1, "values": [523926.40625], "datetime_complete": "2024-05-29T19:30:50.527161"}
{"op_code": 4, "worker_id": "3427eebf-7042-4f8d-b78b-d5b197ed42c4-139625086833728", "study_id": 2, "datetime_start": "2024-05-29T19:30:50.677585"}
{"op_code": 5, "worker_id": "3427eebf-7042-4f8d-b78b-d5b197ed42c4-139625086833728", "trial_id": 6, "param_name": "heads", "param_value_internal": 2.0, "distribution": "{\"name\": \"IntDistribution\", \"attributes\": {\"log\": false, \"step\": 1, \"low\": 2, \"high\": 4}}"}
{"op_code": 5, "worker_id": "3427eebf-7042-4f8d-b78b-d5b197ed42c4-139625086833728", "trial_id": 6, "param_name": "neck", "param_value_internal": 233.0, "distribution": "{\"name\": \"IntDistribution\", \"attributes\": {\"log\": false, \"step\": 1, \"low\": 150, \"high\": 700}}"}
{"op_code": 5, "worker_id": "3427eebf-7042-4f8d-b78b-d5b197ed42c4-139625086833728", "trial_id": 6, "param_name": "dropout", "param_value_internal": 0.35430901961230415, "distribution": "{\"name\": \"FloatDistribution\", \"attributes\": {\"step\": null, \"low\": 0.0, \"high\": 0.4, \"log\": false}}"}
{"op_code": 5, "worker_id": "3427eebf-7042-4f8d-b78b-d5b197ed42c4-139625086833728", "trial_id": 6, "param_name": "Learning_rate", "param_value_internal": 0.03166375817771989, "distribution": "{\"name\": \"FloatDistribution\", \"attributes\": {\"step\": null, \"low\": 0.0001, \"high\": 0.1, \"log\": false}}"}
{"op_code": 5, "worker_id": "3427eebf-7042-4f8d-b78b-d5b197ed42c4-139625086833728", "trial_id": 6, "param_name": "scheduler", "param_value_internal": 1, "distribution": "{\"name\": \"CategoricalDistribution\", \"attributes\": {\"choices\": [\"CyclicLR\", \"ReduceLROnPlateau\"]}}"}
{"op_code": 5, "worker_id": "3427eebf-7042-4f8d-b78b-d5b197ed42c4-139625086833728", "trial_id": 6, "param_name": "batch_size", "param_value_internal": 156.0, "distribution": "{\"name\": \"IntDistribution\", \"attributes\": {\"log\": false, \"step\": 1, \"low\": 20, \"high\": 200}}"}
{"op_code": 6, "worker_id": "3427eebf-7042-4f8d-b78b-d5b197ed42c4-139625086833728", "trial_id": 6, "state": 1, "values": [4146.8134765625], "datetime_complete": "2024-05-29T20:38:42.857982"}
{"op_code": 4, "worker_id": "3427eebf-7042-4f8d-b78b-d5b197ed42c4-139625086833728", "study_id": 2, "datetime_start": "2024-05-29T20:38:43.017479"}
{"op_code": 5, "worker_id": "3427eebf-7042-4f8d-b78b-d5b197ed42c4-139625086833728", "trial_id": 7, "param_name": "heads", "param_value_internal": 2.0, "distribution": "{\"name\": \"IntDistribution\", \"attributes\": {\"log\": false, \"step\": 1, \"low\": 2, \"high\": 4}}"}
{"op_code": 5, "worker_id": "3427eebf-7042-4f8d-b78b-d5b197ed42c4-139625086833728", "trial_id": 7, "param_name": "neck", "param_value_internal": 388.0, "distribution": "{\"name\": \"IntDistribution\", \"attributes\": {\"log\": false, \"step\": 1, \"low\": 150, \"high\": 700}}"}
{"op_code": 5, "worker_id": "3427eebf-7042-4f8d-b78b-d5b197ed42c4-139625086833728", "trial_id": 7, "param_name": "dropout", "param_value_internal": 0.11762550981324399, "distribution": "{\"name\": \"FloatDistribution\", \"attributes\": {\"step\": null, \"low\": 0.0, \"high\": 0.4, \"log\": false}}"}
{"op_code": 5, "worker_id": "3427eebf-7042-4f8d-b78b-d5b197ed42c4-139625086833728", "trial_id": 7, "param_name": "Learning_rate", "param_value_internal": 0.05776456760337926, "distribution": "{\"name\": \"FloatDistribution\", \"attributes\": {\"step\": null, \"low\": 0.0001, \"high\": 0.1, \"log\": false}}"}
{"op_code": 5, "worker_id": "3427eebf-7042-4f8d-b78b-d5b197ed42c4-139625086833728", "trial_id": 7, "param_name": "scheduler", "param_value_internal": 0, "distribution": "{\"name\": \"CategoricalDistribution\", \"attributes\": {\"choices\": [\"CyclicLR\", \"ReduceLROnPlateau\"]}}"}
{"op_code": 5, "worker_id": "3427eebf-7042-4f8d-b78b-d5b197ed42c4-139625086833728", "trial_id": 7, "param_name": "step_size_up", "param_value_internal": 701.0, "distribution": "{\"name\": \"IntDistribution\", \"attributes\": {\"log\": false, \"step\": 1, \"low\": 200, \"high\": 3400}}"}
{"op_code": 5, "worker_id": "3427eebf-7042-4f8d-b78b-d5b197ed42c4-139625086833728", "trial_id": 7, "param_name": "batch_size", "param_value_internal": 44.0, "distribution": "{\"name\": \"IntDistribution\", \"attributes\": {\"log\": false, \"step\": 1, \"low\": 20, \"high\": 200}}"}
{"op_code": 6, "worker_id": "3427eebf-7042-4f8d-b78b-d5b197ed42c4-139625086833728", "trial_id": 7, "state": 1, "values": [53.387901306152344], "datetime_complete": "2024-05-29T20:57:35.801959"}
{"op_code": 4, "worker_id": "3427eebf-7042-4f8d-b78b-d5b197ed42c4-139625086833728", "study_id": 2, "datetime_start": "2024-05-29T20:57:35.981190"}
{"op_code": 5, "worker_id": "3427eebf-7042-4f8d-b78b-d5b197ed42c4-139625086833728", "trial_id": 8, "param_name": "heads", "param_value_internal": 3.0, "distribution": "{\"name\": \"IntDistribution\", \"attributes\": {\"log\": false, \"step\": 1, \"low\": 2, \"high\": 4}}"}
{"op_code": 5, "worker_id": "3427eebf-7042-4f8d-b78b-d5b197ed42c4-139625086833728", "trial_id": 8, "param_name": "neck", "param_value_internal": 597.0, "distribution": "{\"name\": \"IntDistribution\", \"attributes\": {\"log\": false, \"step\": 1, \"low\": 150, \"high\": 700}}"}
{"op_code": 5, "worker_id": "3427eebf-7042-4f8d-b78b-d5b197ed42c4-139625086833728", "trial_id": 8, "param_name": "dropout", "param_value_internal": 0.07822836289021878, "distribution": "{\"name\": \"FloatDistribution\", \"attributes\": {\"step\": null, \"low\": 0.0, \"high\": 0.4, \"log\": false}}"}
{"op_code": 5, "worker_id": "3427eebf-7042-4f8d-b78b-d5b197ed42c4-139625086833728", "trial_id": 8, "param_name": "Learning_rate", "param_value_internal": 0.034974297359111936, "distribution": "{\"name\": \"FloatDistribution\", \"attributes\": {\"step\": null, \"low\": 0.0001, \"high\": 0.1, \"log\": false}}"}
{"op_code": 5, "worker_id": "3427eebf-7042-4f8d-b78b-d5b197ed42c4-139625086833728", "trial_id": 8, "param_name": "scheduler", "param_value_internal": 1, "distribution": "{\"name\": \"CategoricalDistribution\", \"attributes\": {\"choices\": [\"CyclicLR\", \"ReduceLROnPlateau\"]}}"}
{"op_code": 5, "worker_id": "3427eebf-7042-4f8d-b78b-d5b197ed42c4-139625086833728", "trial_id": 8, "param_name": "batch_size", "param_value_internal": 27.0, "distribution": "{\"name\": \"IntDistribution\", \"attributes\": {\"log\": false, \"step\": 1, \"low\": 20, \"high\": 200}}"}
{"op_code": 6, "worker_id": "3427eebf-7042-4f8d-b78b-d5b197ed42c4-139625086833728", "trial_id": 8, "state": 1, "values": [21124.9921875], "datetime_complete": "2024-05-29T21:10:40.180511"}
{"op_code": 0, "worker_id": "f7925d7e-0c5e-4606-8922-ba679c2515ed-140669956813888", "study_name": "no-name-3ad14242-c338-498c-a1f6-7baad74d8158", "directions": [1]}
{"op_code": 4, "worker_id": "f7925d7e-0c5e-4606-8922-ba679c2515ed-140669956813888", "study_id": 3, "datetime_start": "2024-05-30T14:10:22.704336"}
{"op_code": 5, "worker_id": "f7925d7e-0c5e-4606-8922-ba679c2515ed-140669956813888", "trial_id": 9, "param_name": "heads", "param_value_internal": 3.0, "distribution": "{\"name\": \"IntDistribution\", \"attributes\": {\"log\": false, \"step\": 1, \"low\": 2, \"high\": 4}}"}
{"op_code": 5, "worker_id": "f7925d7e-0c5e-4606-8922-ba679c2515ed-140669956813888", "trial_id": 9, "param_name": "neck", "param_value_internal": 483.0, "distribution": "{\"name\": \"IntDistribution\", \"attributes\": {\"log\": false, \"step\": 1, \"low\": 400, \"high\": 700}}"}
{"op_code": 5, "worker_id": "f7925d7e-0c5e-4606-8922-ba679c2515ed-140669956813888", "trial_id": 9, "param_name": "dropout", "param_value_internal": 0.3890509522152331, "distribution": "{\"name\": \"FloatDistribution\", \"attributes\": {\"step\": null, \"low\": 0.0, \"high\": 0.4, \"log\": false}}"}
{"op_code": 5, "worker_id": "f7925d7e-0c5e-4606-8922-ba679c2515ed-140669956813888", "trial_id": 9, "param_name": "Learning_rate", "param_value_internal": 0.05812110420349065, "distribution": "{\"name\": \"FloatDistribution\", \"attributes\": {\"step\": null, \"low\": 0.0001, \"high\": 0.1, \"log\": false}}"}
{"op_code": 5, "worker_id": "f7925d7e-0c5e-4606-8922-ba679c2515ed-140669956813888", "trial_id": 9, "param_name": "scheduler", "param_value_internal": 0, "distribution": "{\"name\": \"CategoricalDistribution\", \"attributes\": {\"choices\": [\"CyclicLR\", \"ReduceLROnPlateau\"]}}"}
{"op_code": 5, "worker_id": "f7925d7e-0c5e-4606-8922-ba679c2515ed-140669956813888", "trial_id": 9, "param_name": "step_size_up", "param_value_internal": 2625.0, "distribution": "{\"name\": \"IntDistribution\", \"attributes\": {\"log\": false, \"step\": 1, \"low\": 200, \"high\": 3400}}"}
{"op_code": 5, "worker_id": "f7925d7e-0c5e-4606-8922-ba679c2515ed-140669956813888", "trial_id": 9, "param_name": "batch_size", "param_value_internal": 184.0, "distribution": "{\"name\": \"IntDistribution\", \"attributes\": {\"log\": false, \"step\": 1, \"low\": 20, \"high\": 200}}"}
{"op_code": 6, "worker_id": "f7925d7e-0c5e-4606-8922-ba679c2515ed-140669956813888", "trial_id": 9, "state": 3, "values": null, "datetime_complete": "2024-05-30T14:48:25.404205"}
{"op_code": 0, "worker_id": "e74bd031-83cb-4107-9135-14aed3632044-140439751238720", "study_name": "no-name-cc6e5e23-0691-4dbc-a94c-42732638cc3e", "directions": [1]}
{"op_code": 4, "worker_id": "e74bd031-83cb-4107-9135-14aed3632044-140439751238720", "study_id": 4, "datetime_start": "2024-05-30T14:49:23.687415"}
{"op_code": 5, "worker_id": "e74bd031-83cb-4107-9135-14aed3632044-140439751238720", "trial_id": 10, "param_name": "heads", "param_value_internal": 2.0, "distribution": "{\"name\": \"IntDistribution\", \"attributes\": {\"log\": false, \"step\": 1, \"low\": 2, \"high\": 4}}"}
{"op_code": 5, "worker_id": "e74bd031-83cb-4107-9135-14aed3632044-140439751238720", "trial_id": 10, "param_name": "neck", "param_value_internal": 401.0, "distribution": "{\"name\": \"IntDistribution\", \"attributes\": {\"log\": false, \"step\": 1, \"low\": 400, \"high\": 700}}"}
{"op_code": 5, "worker_id": "e74bd031-83cb-4107-9135-14aed3632044-140439751238720", "trial_id": 10, "param_name": "dropout", "param_value_internal": 0.0831975081391187, "distribution": "{\"name\": \"FloatDistribution\", \"attributes\": {\"step\": null, \"low\": 0.0, \"high\": 0.4, \"log\": false}}"}
{"op_code": 5, "worker_id": "e74bd031-83cb-4107-9135-14aed3632044-140439751238720", "trial_id": 10, "param_name": "Learning_rate", "param_value_internal": 0.006053551821390311, "distribution": "{\"name\": \"FloatDistribution\", \"attributes\": {\"step\": null, \"low\": 0.0001, \"high\": 0.1, \"log\": false}}"}
{"op_code": 5, "worker_id": "e74bd031-83cb-4107-9135-14aed3632044-140439751238720", "trial_id": 10, "param_name": "scheduler", "param_value_internal": 0, "distribution": "{\"name\": \"CategoricalDistribution\", \"attributes\": {\"choices\": [\"CyclicLR\", \"ReduceLROnPlateau\"]}}"}
{"op_code": 5, "worker_id": "e74bd031-83cb-4107-9135-14aed3632044-140439751238720", "trial_id": 10, "param_name": "step_size_up", "param_value_internal": 2868.0, "distribution": "{\"name\": \"IntDistribution\", \"attributes\": {\"log\": false, \"step\": 1, \"low\": 200, \"high\": 3400}}"}
{"op_code": 5, "worker_id": "e74bd031-83cb-4107-9135-14aed3632044-140439751238720", "trial_id": 10, "param_name": "batch_size", "param_value_internal": 65.0, "distribution": "{\"name\": \"IntDistribution\", \"attributes\": {\"log\": false, \"step\": 1, \"low\": 20, \"high\": 200}}"}
{"op_code": 6, "worker_id": "e74bd031-83cb-4107-9135-14aed3632044-140439751238720", "trial_id": 10, "state": 3, "values": null, "datetime_complete": "2024-05-31T15:11:30.556906"}
{"op_code": 0, "worker_id": "b3ce38cd-3d01-4116-93d1-a80a20b03bfe-140564617708608", "study_name": "no-name-aaf17fa7-bef8-475f-a1f4-1bd5800271ad", "directions": [1]}
{"op_code": 4, "worker_id": "b3ce38cd-3d01-4116-93d1-a80a20b03bfe-140564617708608", "study_id": 5, "datetime_start": "2024-05-31T15:21:00.711978"}
{"op_code": 5, "worker_id": "b3ce38cd-3d01-4116-93d1-a80a20b03bfe-140564617708608", "trial_id": 11, "param_name": "heads", "param_value_internal": 4.0, "distribution": "{\"name\": \"IntDistribution\", \"attributes\": {\"log\": false, \"step\": 1, \"low\": 3, \"high\": 4}}"}
{"op_code": 5, "worker_id": "b3ce38cd-3d01-4116-93d1-a80a20b03bfe-140564617708608", "trial_id": 11, "param_name": "neck", "param_value_internal": 616.0, "distribution": "{\"name\": \"IntDistribution\", \"attributes\": {\"log\": false, \"step\": 1, \"low\": 400, \"high\": 700}}"}
{"op_code": 5, "worker_id": "b3ce38cd-3d01-4116-93d1-a80a20b03bfe-140564617708608", "trial_id": 11, "param_name": "dropout", "param_value_internal": 0.09840343556925302, "distribution": "{\"name\": \"FloatDistribution\", \"attributes\": {\"step\": null, \"low\": 0.0, \"high\": 0.2, \"log\": false}}"}
{"op_code": 5, "worker_id": "b3ce38cd-3d01-4116-93d1-a80a20b03bfe-140564617708608", "trial_id": 11, "param_name": "Learning_rate", "param_value_internal": 0.006691079681642895, "distribution": "{\"name\": \"FloatDistribution\", \"attributes\": {\"step\": null, \"low\": 0.0001, \"high\": 0.1, \"log\": false}}"}
{"op_code": 5, "worker_id": "b3ce38cd-3d01-4116-93d1-a80a20b03bfe-140564617708608", "trial_id": 11, "param_name": "scheduler", "param_value_internal": 0, "distribution": "{\"name\": \"CategoricalDistribution\", \"attributes\": {\"choices\": [\"CyclicLR\", \"ReduceLROnPlateau\"]}}"}
{"op_code": 5, "worker_id": "b3ce38cd-3d01-4116-93d1-a80a20b03bfe-140564617708608", "trial_id": 11, "param_name": "step_size_up", "param_value_internal": 1174.0, "distribution": "{\"name\": \"IntDistribution\", \"attributes\": {\"log\": false, \"step\": 1, \"low\": 200, \"high\": 3400}}"}
{"op_code": 5, "worker_id": "b3ce38cd-3d01-4116-93d1-a80a20b03bfe-140564617708608", "trial_id": 11, "param_name": "batch_size", "param_value_internal": 94.0, "distribution": "{\"name\": \"IntDistribution\", \"attributes\": {\"log\": false, \"step\": 1, \"low\": 20, \"high\": 200}}"}
{"op_code": 6, "worker_id": "b3ce38cd-3d01-4116-93d1-a80a20b03bfe-140564617708608", "trial_id": 11, "state": 1, "values": [1.712013602256775], "datetime_complete": "2024-05-31T15:22:31.099327"}
{"op_code": 2, "worker_id": "b3ce38cd-3d01-4116-93d1-a80a20b03bfe-140564617708608", "study_id": 5, "user_attr": {"previous_best_value": 1.712013602256775}}
{"op_code": 0, "worker_id": "678a06f6-3f08-4e38-938b-bcecde9d71f2-140195889308736", "study_name": "no-name-1ba4812a-b0f6-406a-ab29-9ec5598a6927", "directions": [1]}
{"op_code": 4, "worker_id": "678a06f6-3f08-4e38-938b-bcecde9d71f2-140195889308736", "study_id": 6, "datetime_start": "2024-05-31T15:23:37.663518"}
{"op_code": 5, "worker_id": "678a06f6-3f08-4e38-938b-bcecde9d71f2-140195889308736", "trial_id": 12, "param_name": "heads", "param_value_internal": 3.0, "distribution": "{\"name\": \"IntDistribution\", \"attributes\": {\"log\": false, \"step\": 1, \"low\": 3, \"high\": 4}}"}
{"op_code": 5, "worker_id": "678a06f6-3f08-4e38-938b-bcecde9d71f2-140195889308736", "trial_id": 12, "param_name": "neck", "param_value_internal": 683.0, "distribution": "{\"name\": \"IntDistribution\", \"attributes\": {\"log\": false, \"step\": 1, \"low\": 400, \"high\": 700}}"}
{"op_code": 5, "worker_id": "678a06f6-3f08-4e38-938b-bcecde9d71f2-140195889308736", "trial_id": 12, "param_name": "dropout", "param_value_internal": 0.005419051289076582, "distribution": "{\"name\": \"FloatDistribution\", \"attributes\": {\"step\": null, \"low\": 0.0, \"high\": 0.2, \"log\": false}}"}
{"op_code": 5, "worker_id": "678a06f6-3f08-4e38-938b-bcecde9d71f2-140195889308736", "trial_id": 12, "param_name": "Learning_rate", "param_value_internal": 0.029030050461466353, "distribution": "{\"name\": \"FloatDistribution\", \"attributes\": {\"step\": null, \"low\": 0.0001, \"high\": 0.1, \"log\": false}}"}
{"op_code": 5, "worker_id": "678a06f6-3f08-4e38-938b-bcecde9d71f2-140195889308736", "trial_id": 12, "param_name": "scheduler", "param_value_internal": 0, "distribution": "{\"name\": \"CategoricalDistribution\", \"attributes\": {\"choices\": [\"CyclicLR\", \"ReduceLROnPlateau\"]}}"}
{"op_code": 5, "worker_id": "678a06f6-3f08-4e38-938b-bcecde9d71f2-140195889308736", "trial_id": 12, "param_name": "step_size_up", "param_value_internal": 2766.0, "distribution": "{\"name\": \"IntDistribution\", \"attributes\": {\"log\": false, \"step\": 1, \"low\": 200, \"high\": 3400}}"}
{"op_code": 5, "worker_id": "678a06f6-3f08-4e38-938b-bcecde9d71f2-140195889308736", "trial_id": 12, "param_name": "batch_size", "param_value_internal": 186.0, "distribution": "{\"name\": \"IntDistribution\", \"attributes\": {\"log\": false, \"step\": 1, \"low\": 80, \"high\": 200}}"}
{"op_code": 6, "worker_id": "678a06f6-3f08-4e38-938b-bcecde9d71f2-140195889308736", "trial_id": 12, "state": 3, "values": null, "datetime_complete": "2024-05-31T18:42:26.618925"}
{"op_code": 1, "worker_id": "5ac85c24-cded-4825-8b27-f625de6950b1-140237795751680", "study_id": 0}
{"op_code": 1, "worker_id": "5ac85c24-cded-4825-8b27-f625de6950b1-140237795751680", "study_id": 1}
{"op_code": 1, "worker_id": "5ac85c24-cded-4825-8b27-f625de6950b1-140237879228160", "study_id": 3}
{"op_code": 1, "worker_id": "5ac85c24-cded-4825-8b27-f625de6950b1-140237795751680", "study_id": 4}
{"op_code": 1, "worker_id": "5ac85c24-cded-4825-8b27-f625de6950b1-140237879228160", "study_id": 5}
{"op_code": 1, "worker_id": "5ac85c24-cded-4825-8b27-f625de6950b1-140237879228160", "study_id": 6}
