2023-02-27 13:48:09,590 - FCCL.py[line:71] - INFO: Method Name : Ours Ablation Name : FCCL
2023-02-27 13:48:09,590 - FCCL.py[line:72] - INFO: Random Seed and Server Config
2023-02-27 13:48:09,590 - FCCL.py[line:81] - INFO: Initialize Participants' Data idxs and Model
2023-02-27 13:48:09,592 - FCCL.py[line:88] - INFO: {'mnist': array([12628, 37730, 39991,  8525,  8279, 51012, 14871, 15127,  9366,
       33322, 53390, 21819,  5026, 23428, 45297, 26354, 30195, 47038,
       20731, 34047, 26064, 42469, 29746, 14522, 31572, 54949, 19368,
        3803, 53325, 14300, 51301,  9008, 47521, 25224, 48921, 37978,
       44171, 26303, 19458,  5369, 50291, 25951, 54908, 56362, 32218,
        2885, 36559,  8966, 46574, 10530, 44628,   273, 19269, 36911,
       10121, 13290, 57606, 47189, 29209, 42187, 25386, 17005, 10981,
       47313, 27070,  6685, 54960, 58125, 40700, 13902, 31539, 49716,
       49519, 51923,  3502, 39336,  2218, 18505, 10689, 21377,  1866,
       20192, 28870, 52203,  3867,  3222, 21785, 20984, 48539, 40694,
        8440,  9951,  1334, 32572, 28344, 46503, 34482, 36271, 36874,
       11512, 23847,  9937, 52122,  9189, 55990, 11744, 34545, 13152,
       13059, 49858, 52310,  8914, 42178,  9199, 37940, 54184, 48596,
       58585,  8063, 21052, 30487,  7528,  9935, 31354, 48001, 49675,
       49979, 34356, 38895, 46280,  9073, 24961,   476, 16358, 24839,
       24915, 15359, 16242, 33821, 31935, 48297, 25311,  4402, 52611,
       27692, 36474, 33603, 24219, 41145, 31168]), 'usps': array([1537, 1824, 3493, 1822, 6429,  956, 4053, 5297, 3337, 2869, 2879,
        807, 6711, 3781, 4404, 2151, 5139, 3253, 2821, 4750, 1961, 5754,
       2435, 4782, 2118,  372, 5312, 2661, 5918,  553, 1137,  218, 4825,
       2130, 3266, 3246, 5012,  830, 6231, 2635, 1261, 6797, 5141, 7231,
       4726,  777, 5634, 2259, 1995,  478, 2826, 4678, 2440,  939, 2319,
       2883, 5827, 5734, 2983, 4202, 4546, 2320, 3973, 3441,   10, 6605,
       2401, 1223, 1916, 6647, 6092, 5979, 4358, 3408, 2647, 5263, 4401,
       6820, 6120, 1674]), 'svhn': array([23850, 68371, 58083, ..., 51621, 60914, 34123]), 'syn': array([1962, 1460, 2240, ..., 1855, 3468, 1604])}
2023-02-27 13:48:09,669 - FCCL.py[line:92] - INFO: Load Participants' Models
2023-02-27 13:48:11,720 - FCCL.py[line:103] - INFO: Load Frozen Participants' Models
2023-02-27 13:48:11,808 - FCCL.py[line:114] - INFO: Load Progressive Participants' Models
2023-02-27 13:48:11,826 - FCCL.py[line:124] - INFO: Initialize Public Data Parameters
2023-02-27 13:48:13,936 - FCCL.py[line:131] - INFO: Initialize Private Data Loader
2023-02-27 13:48:17,465 - FCCL.py[line:150] - INFO: The 0 th Communication Epoch
2023-02-27 13:48:17,466 - FCCL.py[line:151] - INFO: Evaluate Models
2023-02-27 13:48:19,824 - utils_idea.py[line:108] - INFO: Accuracy of the network on total 10000 test images: @top1=9.8%; @top5=49.43%
2023-02-27 13:48:22,141 - utils_idea.py[line:108] - INFO: Accuracy of the network on total 2007 test images: @top1=8.27%; @top5=65.62%
2023-02-27 13:48:28,188 - utils_idea.py[line:108] - INFO: Accuracy of the network on total 26032 test images: @top1=6.13%; @top5=45.19%
2023-02-27 13:48:29,937 - utils_idea.py[line:108] - INFO: Accuracy of the network on total 2000 test images: @top1=10.0%; @top5=50.0%
